{"C:\\Users\\MKO\\Desktop\\post-it\\dist\\models\\models.js":{"path":"C:\\Users\\MKO\\Desktop\\post-it\\dist\\models\\models.js","s":{"1":1,"2":1,"3":1,"4":1,"5":1,"6":1,"7":1,"8":1,"9":2,"10":1,"11":1,"12":1,"13":1,"14":1,"15":1,"16":1,"17":2,"18":1,"19":2,"20":1,"21":1,"22":1,"23":1,"24":1,"25":1,"26":1,"27":1,"28":1},"b":{"1":[0,2],"2":[2,2]},"f":{"1":2,"2":2,"3":2,"4":1,"5":1},"fnMap":{"1":{"name":"_interopRequireDefault","line":18,"loc":{"start":{"line":18,"column":0},"end":{"line":18,"column":37}}},"2":{"name":"(anonymous_2)","line":133,"loc":{"start":{"line":133,"column":18},"end":{"line":133,"column":43}}},"3":{"name":"(anonymous_3)","line":140,"loc":{"start":{"line":140,"column":17},"end":{"line":140,"column":42}}},"4":{"name":"(anonymous_4)","line":145,"loc":{"start":{"line":145,"column":24},"end":{"line":145,"column":49}}},"5":{"name":"(anonymous_5)","line":150,"loc":{"start":{"line":150,"column":18},"end":{"line":150,"column":43}}}},"statementMap":{"1":{"start":{"line":3,"column":0},"end":{"line":5,"column":3}},"2":{"start":{"line":6,"column":0},"end":{"line":6,"column":94}},"3":{"start":{"line":8,"column":0},"end":{"line":8,"column":38}},"4":{"start":{"line":10,"column":0},"end":{"line":10,"column":53}},"5":{"start":{"line":12,"column":0},"end":{"line":12,"column":45}},"6":{"start":{"line":14,"column":0},"end":{"line":14,"column":59}},"7":{"start":{"line":16,"column":0},"end":{"line":16,"column":27}},"8":{"start":{"line":18,"column":0},"end":{"line":18,"column":95}},"9":{"start":{"line":18,"column":39},"end":{"line":18,"column":93}},"10":{"start":{"line":24,"column":0},"end":{"line":69,"column":3}},"11":{"start":{"line":77,"column":0},"end":{"line":91,"column":3}},"12":{"start":{"line":95,"column":0},"end":{"line":107,"column":3}},"13":{"start":{"line":111,"column":0},"end":{"line":121,"column":7}},"14":{"start":{"line":125,"column":0},"end":{"line":125,"column":38}},"15":{"start":{"line":129,"column":0},"end":{"line":129,"column":37}},"16":{"start":{"line":133,"column":0},"end":{"line":138,"column":3}},"17":{"start":{"line":135,"column":2},"end":{"line":135,"column":65}},"18":{"start":{"line":140,"column":0},"end":{"line":143,"column":3}},"19":{"start":{"line":142,"column":2},"end":{"line":142,"column":43}},"20":{"start":{"line":145,"column":0},"end":{"line":148,"column":3}},"21":{"start":{"line":147,"column":2},"end":{"line":147,"column":40}},"22":{"start":{"line":150,"column":0},"end":{"line":153,"column":3}},"23":{"start":{"line":152,"column":2},"end":{"line":152,"column":40}},"24":{"start":{"line":157,"column":0},"end":{"line":157,"column":20}},"25":{"start":{"line":158,"column":0},"end":{"line":158,"column":22}},"26":{"start":{"line":159,"column":0},"end":{"line":159,"column":32}},"27":{"start":{"line":160,"column":0},"end":{"line":160,"column":20}},"28":{"start":{"line":161,"column":0},"end":{"line":161,"column":40}}},"branchMap":{"1":{"line":18,"type":"cond-expr","locations":[{"start":{"line":18,"column":70},"end":{"line":18,"column":73}},{"start":{"line":18,"column":76},"end":{"line":18,"column":92}}]},"2":{"line":18,"type":"binary-expr","locations":[{"start":{"line":18,"column":46},"end":{"line":18,"column":49}},{"start":{"line":18,"column":53},"end":{"line":18,"column":67}}]}}},"C:\\Users\\MKO\\Desktop\\post-it\\dist\\db.js":{"path":"C:\\Users\\MKO\\Desktop\\post-it\\dist\\db.js","s":{"1":1,"2":1,"3":1,"4":1,"5":1,"6":1,"7":1,"8":1,"9":1,"10":1,"11":0,"12":1,"13":1,"14":1,"15":3,"16":3,"17":1,"18":1,"19":1,"20":2,"21":1,"22":1,"23":1,"24":0,"25":0,"26":0,"27":0,"28":0,"29":0,"30":0,"31":1},"b":{"1":[0,1],"2":[1,1],"3":[1,0],"4":[3,0],"5":[0,2],"6":[2,2],"7":[0,1],"8":[0,0]},"f":{"1":1,"2":2,"3":0,"4":0},"fnMap":{"1":{"name":"_interopRequireWildcard","line":20,"loc":{"start":{"line":20,"column":0},"end":{"line":20,"column":38}}},"2":{"name":"_interopRequireDefault","line":22,"loc":{"start":{"line":22,"column":0},"end":{"line":22,"column":37}}},"3":{"name":"(anonymous_3)","line":31,"loc":{"start":{"line":31,"column":49},"end":{"line":31,"column":72}}},"4":{"name":"(anonymous_4)","line":36,"loc":{"start":{"line":36,"column":93},"end":{"line":36,"column":108}}}},"statementMap":{"1":{"start":{"line":3,"column":0},"end":{"line":5,"column":3}},"2":{"start":{"line":6,"column":0},"end":{"line":6,"column":30}},"3":{"start":{"line":8,"column":0},"end":{"line":8,"column":38}},"4":{"start":{"line":10,"column":0},"end":{"line":10,"column":53}},"5":{"start":{"line":12,"column":0},"end":{"line":12,"column":24}},"6":{"start":{"line":14,"column":0},"end":{"line":14,"column":39}},"7":{"start":{"line":16,"column":0},"end":{"line":16,"column":32}},"8":{"start":{"line":18,"column":0},"end":{"line":18,"column":46}},"9":{"start":{"line":20,"column":0},"end":{"line":20,"column":269}},"10":{"start":{"line":20,"column":40},"end":{"line":20,"column":267}},"11":{"start":{"line":20,"column":69},"end":{"line":20,"column":80}},"12":{"start":{"line":20,"column":90},"end":{"line":20,"column":106}},"13":{"start":{"line":20,"column":107},"end":{"line":20,"column":228}},"14":{"start":{"line":20,"column":126},"end":{"line":20,"column":226}},"15":{"start":{"line":20,"column":149},"end":{"line":20,"column":224}},"16":{"start":{"line":20,"column":201},"end":{"line":20,"column":224}},"17":{"start":{"line":20,"column":229},"end":{"line":20,"column":250}},"18":{"start":{"line":20,"column":251},"end":{"line":20,"column":265}},"19":{"start":{"line":22,"column":0},"end":{"line":22,"column":95}},"20":{"start":{"line":22,"column":39},"end":{"line":22,"column":93}},"21":{"start":{"line":24,"column":0},"end":{"line":24,"column":16}},"22":{"start":{"line":26,"column":0},"end":{"line":26,"column":66}},"23":{"start":{"line":28,"column":0},"end":{"line":40,"column":1}},"24":{"start":{"line":29,"column":2},"end":{"line":29,"column":35}},"25":{"start":{"line":31,"column":2},"end":{"line":39,"column":5}},"26":{"start":{"line":32,"column":4},"end":{"line":32,"column":23}},"27":{"start":{"line":32,"column":13},"end":{"line":32,"column":23}},"28":{"start":{"line":34,"column":4},"end":{"line":34,"column":61}},"29":{"start":{"line":36,"column":4},"end":{"line":38,"column":7}},"30":{"start":{"line":37,"column":6},"end":{"line":37,"column":39}},"31":{"start":{"line":42,"column":0},"end":{"line":42,"column":30}}},"branchMap":{"1":{"line":20,"type":"if","locations":[{"start":{"line":20,"column":40},"end":{"line":20,"column":40}},{"start":{"line":20,"column":40},"end":{"line":20,"column":40}}]},"2":{"line":20,"type":"binary-expr","locations":[{"start":{"line":20,"column":44},"end":{"line":20,"column":47}},{"start":{"line":20,"column":51},"end":{"line":20,"column":65}}]},"3":{"line":20,"type":"if","locations":[{"start":{"line":20,"column":107},"end":{"line":20,"column":107}},{"start":{"line":20,"column":107},"end":{"line":20,"column":107}}]},"4":{"line":20,"type":"if","locations":[{"start":{"line":20,"column":149},"end":{"line":20,"column":149}},{"start":{"line":20,"column":149},"end":{"line":20,"column":149}}]},"5":{"line":22,"type":"cond-expr","locations":[{"start":{"line":22,"column":70},"end":{"line":22,"column":73}},{"start":{"line":22,"column":76},"end":{"line":22,"column":92}}]},"6":{"line":22,"type":"binary-expr","locations":[{"start":{"line":22,"column":46},"end":{"line":22,"column":49}},{"start":{"line":22,"column":53},"end":{"line":22,"column":67}}]},"7":{"line":28,"type":"if","locations":[{"start":{"line":28,"column":0},"end":{"line":28,"column":0}},{"start":{"line":28,"column":0},"end":{"line":28,"column":0}}]},"8":{"line":32,"type":"if","locations":[{"start":{"line":32,"column":4},"end":{"line":32,"column":4}},{"start":{"line":32,"column":4},"end":{"line":32,"column":4}}]}}},"C:\\Users\\MKO\\Desktop\\post-it\\dist\\app.js":{"path":"C:\\Users\\MKO\\Desktop\\post-it\\dist\\app.js","s":{"1":1,"2":1,"3":1,"4":1,"5":1,"6":1,"7":1,"8":1,"9":1,"10":1,"11":1,"12":1,"13":1,"14":1,"15":1,"16":1,"17":1,"18":1,"19":1,"20":7,"21":1,"22":1,"23":0,"24":1,"25":1,"26":1,"27":3,"28":3,"29":1,"30":1,"31":1,"32":1,"33":1,"34":1,"35":1,"36":1,"37":1,"38":0,"39":1,"40":1,"41":1,"42":1,"43":1,"44":1,"45":1,"46":1,"47":1,"48":1,"49":1,"50":1,"51":1,"52":1,"53":1,"54":1,"55":0,"56":1,"57":1,"58":1},"b":{"1":[2,5],"2":[7,7],"3":[0,1],"4":[1,1],"5":[1,0],"6":[3,0]},"f":{"1":7,"2":1,"3":1,"4":0,"5":0,"6":1},"fnMap":{"1":{"name":"_interopRequireDefault","line":41,"loc":{"start":{"line":41,"column":0},"end":{"line":41,"column":37}}},"2":{"name":"_interopRequireWildcard","line":43,"loc":{"start":{"line":43,"column":0},"end":{"line":43,"column":38}}},"3":{"name":"(anonymous_3)","line":55,"loc":{"start":{"line":55,"column":34},"end":{"line":55,"column":46}}},"4":{"name":"(anonymous_4)","line":57,"loc":{"start":{"line":57,"column":9},"end":{"line":57,"column":24}}},"5":{"name":"(anonymous_5)","line":101,"loc":{"start":{"line":101,"column":8},"end":{"line":101,"column":28}}},"6":{"name":"(anonymous_6)","line":105,"loc":{"start":{"line":105,"column":17},"end":{"line":105,"column":29}}}},"statementMap":{"1":{"start":{"line":3,"column":0},"end":{"line":5,"column":3}},"2":{"start":{"line":7,"column":0},"end":{"line":7,"column":32}},"3":{"start":{"line":9,"column":0},"end":{"line":9,"column":46}},"4":{"start":{"line":11,"column":0},"end":{"line":11,"column":34}},"5":{"start":{"line":13,"column":0},"end":{"line":13,"column":49}},"6":{"start":{"line":15,"column":0},"end":{"line":15,"column":32}},"7":{"start":{"line":17,"column":0},"end":{"line":17,"column":47}},"8":{"start":{"line":19,"column":0},"end":{"line":19,"column":41}},"9":{"start":{"line":21,"column":0},"end":{"line":21,"column":55}},"10":{"start":{"line":23,"column":0},"end":{"line":23,"column":49}},"11":{"start":{"line":25,"column":0},"end":{"line":25,"column":63}},"12":{"start":{"line":27,"column":0},"end":{"line":27,"column":28}},"13":{"start":{"line":29,"column":0},"end":{"line":29,"column":43}},"14":{"start":{"line":31,"column":0},"end":{"line":31,"column":26}},"15":{"start":{"line":33,"column":0},"end":{"line":33,"column":62}},"16":{"start":{"line":35,"column":0},"end":{"line":35,"column":63}},"17":{"start":{"line":37,"column":0},"end":{"line":37,"column":64}},"18":{"start":{"line":39,"column":0},"end":{"line":39,"column":65}},"19":{"start":{"line":41,"column":0},"end":{"line":41,"column":95}},"20":{"start":{"line":41,"column":39},"end":{"line":41,"column":93}},"21":{"start":{"line":43,"column":0},"end":{"line":43,"column":269}},"22":{"start":{"line":43,"column":40},"end":{"line":43,"column":267}},"23":{"start":{"line":43,"column":69},"end":{"line":43,"column":80}},"24":{"start":{"line":43,"column":90},"end":{"line":43,"column":106}},"25":{"start":{"line":43,"column":107},"end":{"line":43,"column":228}},"26":{"start":{"line":43,"column":126},"end":{"line":43,"column":226}},"27":{"start":{"line":43,"column":149},"end":{"line":43,"column":224}},"28":{"start":{"line":43,"column":201},"end":{"line":43,"column":224}},"29":{"start":{"line":43,"column":229},"end":{"line":43,"column":250}},"30":{"start":{"line":43,"column":251},"end":{"line":43,"column":265}},"31":{"start":{"line":45,"column":0},"end":{"line":45,"column":16}},"32":{"start":{"line":47,"column":0},"end":{"line":47,"column":35}},"33":{"start":{"line":49,"column":0},"end":{"line":49,"column":28}},"34":{"start":{"line":51,"column":0},"end":{"line":51,"column":44}},"35":{"start":{"line":53,"column":0},"end":{"line":53,"column":42}},"36":{"start":{"line":55,"column":0},"end":{"line":59,"column":3}},"37":{"start":{"line":56,"column":2},"end":{"line":56,"column":63}},"38":{"start":{"line":58,"column":2},"end":{"line":58,"column":59}},"39":{"start":{"line":61,"column":0},"end":{"line":61,"column":38}},"40":{"start":{"line":63,"column":0},"end":{"line":63,"column":61}},"41":{"start":{"line":65,"column":0},"end":{"line":65,"column":37}},"42":{"start":{"line":67,"column":0},"end":{"line":72,"column":4}},"43":{"start":{"line":76,"column":0},"end":{"line":76,"column":37}},"44":{"start":{"line":78,"column":0},"end":{"line":78,"column":42}},"45":{"start":{"line":80,"column":0},"end":{"line":80,"column":42}},"46":{"start":{"line":82,"column":0},"end":{"line":82,"column":42}},"47":{"start":{"line":86,"column":0},"end":{"line":86,"column":42}},"48":{"start":{"line":88,"column":0},"end":{"line":88,"column":47}},"49":{"start":{"line":90,"column":0},"end":{"line":90,"column":54}},"50":{"start":{"line":92,"column":0},"end":{"line":92,"column":59}},"51":{"start":{"line":94,"column":0},"end":{"line":94,"column":66}},"52":{"start":{"line":96,"column":0},"end":{"line":96,"column":56}},"53":{"start":{"line":98,"column":0},"end":{"line":98,"column":68}},"54":{"start":{"line":101,"column":0},"end":{"line":103,"column":3}},"55":{"start":{"line":102,"column":2},"end":{"line":102,"column":64}},"56":{"start":{"line":105,"column":0},"end":{"line":107,"column":3}},"57":{"start":{"line":106,"column":2},"end":{"line":106,"column":43}},"58":{"start":{"line":109,"column":0},"end":{"line":109,"column":22}}},"branchMap":{"1":{"line":41,"type":"cond-expr","locations":[{"start":{"line":41,"column":70},"end":{"line":41,"column":73}},{"start":{"line":41,"column":76},"end":{"line":41,"column":92}}]},"2":{"line":41,"type":"binary-expr","locations":[{"start":{"line":41,"column":46},"end":{"line":41,"column":49}},{"start":{"line":41,"column":53},"end":{"line":41,"column":67}}]},"3":{"line":43,"type":"if","locations":[{"start":{"line":43,"column":40},"end":{"line":43,"column":40}},{"start":{"line":43,"column":40},"end":{"line":43,"column":40}}]},"4":{"line":43,"type":"binary-expr","locations":[{"start":{"line":43,"column":44},"end":{"line":43,"column":47}},{"start":{"line":43,"column":51},"end":{"line":43,"column":65}}]},"5":{"line":43,"type":"if","locations":[{"start":{"line":43,"column":107},"end":{"line":43,"column":107}},{"start":{"line":43,"column":107},"end":{"line":43,"column":107}}]},"6":{"line":43,"type":"if","locations":[{"start":{"line":43,"column":149},"end":{"line":43,"column":149}},{"start":{"line":43,"column":149},"end":{"line":43,"column":149}}]}}},"C:\\Users\\MKO\\Desktop\\post-it\\dist\\controllers\\userController.js":{"path":"C:\\Users\\MKO\\Desktop\\post-it\\dist\\controllers\\userController.js","s":{"1":1,"2":1,"3":1,"4":1,"5":4,"6":4,"7":4,"8":4,"9":4,"10":4,"11":1,"12":1,"13":1,"14":1,"15":0,"16":1,"17":1,"18":1,"19":1,"20":1,"21":1,"22":1,"23":1,"24":1,"25":0,"26":1,"27":1,"28":1,"29":1,"30":1,"31":0,"32":0,"33":0,"34":0,"35":0,"36":0,"37":0,"38":0,"39":1,"40":1,"41":1,"42":1,"43":1,"44":1,"45":1,"46":1,"47":1,"48":0,"49":0,"50":0,"51":0,"52":0,"53":0,"54":0,"55":0,"56":0,"57":1,"58":1},"b":{"1":[4,4],"2":[4,0],"3":[1,0],"4":[0,1],"5":[1,0],"6":[1,1],"7":[0,1],"8":[0,0],"9":[1,0]},"f":{"1":1,"2":1,"3":1,"4":1,"5":1,"6":1,"7":1,"8":0,"9":0,"10":0,"11":1,"12":1,"13":0,"14":0,"15":0,"16":0,"17":0,"18":0},"fnMap":{"1":{"name":"(anonymous_1)","line":7,"loc":{"start":{"line":7,"column":19},"end":{"line":7,"column":31}}},"2":{"name":"defineProperties","line":7,"loc":{"start":{"line":7,"column":33},"end":{"line":7,"column":74}}},"3":{"name":"(anonymous_3)","line":7,"loc":{"start":{"line":7,"column":357},"end":{"line":7,"column":405}}},"4":{"name":"_interopRequireDefault","line":17,"loc":{"start":{"line":17,"column":0},"end":{"line":17,"column":37}}},"5":{"name":"_classCallCheck","line":19,"loc":{"start":{"line":19,"column":0},"end":{"line":19,"column":48}}},"6":{"name":"(anonymous_6)","line":23,"loc":{"start":{"line":23,"column":18},"end":{"line":23,"column":30}}},"7":{"name":"UserActions","line":24,"loc":{"start":{"line":24,"column":2},"end":{"line":24,"column":25}}},"8":{"name":"signup","line":30,"loc":{"start":{"line":30,"column":11},"end":{"line":30,"column":37}}},"9":{"name":"(anonymous_9)","line":40,"loc":{"start":{"line":40,"column":49},"end":{"line":40,"column":61}}},"10":{"name":"(anonymous_10)","line":47,"loc":{"start":{"line":47,"column":21},"end":{"line":47,"column":36}}},"11":{"name":"signin","line":59,"loc":{"start":{"line":59,"column":11},"end":{"line":59,"column":37}}},"12":{"name":"(anonymous_12)","line":66,"loc":{"start":{"line":66,"column":14},"end":{"line":66,"column":30}}},"13":{"name":"(anonymous_13)","line":80,"loc":{"start":{"line":80,"column":15},"end":{"line":80,"column":30}}},"14":{"name":"isUnique","line":87,"loc":{"start":{"line":87,"column":11},"end":{"line":87,"column":39}}},"15":{"name":"(anonymous_15)","line":94,"loc":{"start":{"line":94,"column":14},"end":{"line":94,"column":30}}},"16":{"name":"allUsers","line":100,"loc":{"start":{"line":100,"column":11},"end":{"line":100,"column":39}}},"17":{"name":"(anonymous_17)","line":101,"loc":{"start":{"line":101,"column":36},"end":{"line":101,"column":52}}},"18":{"name":"(anonymous_18)","line":103,"loc":{"start":{"line":103,"column":15},"end":{"line":103,"column":30}}}},"statementMap":{"1":{"start":{"line":3,"column":0},"end":{"line":5,"column":3}},"2":{"start":{"line":7,"column":0},"end":{"line":7,"column":564}},"3":{"start":{"line":7,"column":33},"end":{"line":7,"column":349}},"4":{"start":{"line":7,"column":76},"end":{"line":7,"column":347}},"5":{"start":{"line":7,"column":117},"end":{"line":7,"column":143}},"6":{"start":{"line":7,"column":144},"end":{"line":7,"column":199}},"7":{"start":{"line":7,"column":200},"end":{"line":7,"column":231}},"8":{"start":{"line":7,"column":232},"end":{"line":7,"column":286}},"9":{"start":{"line":7,"column":259},"end":{"line":7,"column":286}},"10":{"start":{"line":7,"column":287},"end":{"line":7,"column":345}},"11":{"start":{"line":7,"column":350},"end":{"line":7,"column":559}},"12":{"start":{"line":7,"column":407},"end":{"line":7,"column":475}},"13":{"start":{"line":7,"column":423},"end":{"line":7,"column":475}},"14":{"start":{"line":7,"column":476},"end":{"line":7,"column":536}},"15":{"start":{"line":7,"column":493},"end":{"line":7,"column":536}},"16":{"start":{"line":7,"column":537},"end":{"line":7,"column":556}},"17":{"start":{"line":9,"column":0},"end":{"line":9,"column":30}},"18":{"start":{"line":11,"column":0},"end":{"line":11,"column":45}},"19":{"start":{"line":13,"column":0},"end":{"line":13,"column":60}},"20":{"start":{"line":15,"column":0},"end":{"line":15,"column":57}},"21":{"start":{"line":17,"column":0},"end":{"line":17,"column":95}},"22":{"start":{"line":17,"column":39},"end":{"line":17,"column":93}},"23":{"start":{"line":19,"column":0},"end":{"line":19,"column":153}},"24":{"start":{"line":19,"column":50},"end":{"line":19,"column":151}},"25":{"start":{"line":19,"column":92},"end":{"line":19,"column":149}},"26":{"start":{"line":21,"column":0},"end":{"line":21,"column":43}},"27":{"start":{"line":23,"column":0},"end":{"line":111,"column":4}},"28":{"start":{"line":24,"column":2},"end":{"line":26,"column":3}},"29":{"start":{"line":25,"column":4},"end":{"line":25,"column":39}},"30":{"start":{"line":28,"column":2},"end":{"line":108,"column":6}},"31":{"start":{"line":31,"column":6},"end":{"line":33,"column":45}},"32":{"start":{"line":35,"column":6},"end":{"line":55,"column":7}},"33":{"start":{"line":36,"column":8},"end":{"line":36,"column":37}},"34":{"start":{"line":40,"column":8},"end":{"line":52,"column":11}},"35":{"start":{"line":41,"column":10},"end":{"line":51,"column":12}},"36":{"start":{"line":48,"column":14},"end":{"line":48,"column":31}},"37":{"start":{"line":49,"column":14},"end":{"line":49,"column":64}},"38":{"start":{"line":54,"column":8},"end":{"line":54,"column":73}},"39":{"start":{"line":60,"column":6},"end":{"line":60,"column":47}},"40":{"start":{"line":62,"column":6},"end":{"line":83,"column":9}},"41":{"start":{"line":67,"column":8},"end":{"line":67,"column":40}},"42":{"start":{"line":69,"column":8},"end":{"line":69,"column":32}},"43":{"start":{"line":71,"column":8},"end":{"line":79,"column":9}},"44":{"start":{"line":72,"column":10},"end":{"line":72,"column":34}},"45":{"start":{"line":73,"column":10},"end":{"line":73,"column":47}},"46":{"start":{"line":74,"column":10},"end":{"line":74,"column":42}},"47":{"start":{"line":76,"column":10},"end":{"line":76,"column":101}},"48":{"start":{"line":78,"column":10},"end":{"line":78,"column":82}},"49":{"start":{"line":81,"column":8},"end":{"line":81,"column":25}},"50":{"start":{"line":82,"column":8},"end":{"line":82,"column":82}},"51":{"start":{"line":88,"column":6},"end":{"line":96,"column":9}},"52":{"start":{"line":95,"column":8},"end":{"line":95,"column":33}},"53":{"start":{"line":101,"column":6},"end":{"line":106,"column":9}},"54":{"start":{"line":102,"column":8},"end":{"line":102,"column":33}},"55":{"start":{"line":104,"column":8},"end":{"line":104,"column":25}},"56":{"start":{"line":105,"column":8},"end":{"line":105,"column":64}},"57":{"start":{"line":110,"column":2},"end":{"line":110,"column":21}},"58":{"start":{"line":113,"column":0},"end":{"line":113,"column":30}}},"branchMap":{"1":{"line":7,"type":"binary-expr","locations":[{"start":{"line":7,"column":168},"end":{"line":7,"column":189}},{"start":{"line":7,"column":193},"end":{"line":7,"column":198}}]},"2":{"line":7,"type":"if","locations":[{"start":{"line":7,"column":232},"end":{"line":7,"column":232}},{"start":{"line":7,"column":232},"end":{"line":7,"column":232}}]},"3":{"line":7,"type":"if","locations":[{"start":{"line":7,"column":407},"end":{"line":7,"column":407}},{"start":{"line":7,"column":407},"end":{"line":7,"column":407}}]},"4":{"line":7,"type":"if","locations":[{"start":{"line":7,"column":476},"end":{"line":7,"column":476}},{"start":{"line":7,"column":476},"end":{"line":7,"column":476}}]},"5":{"line":17,"type":"cond-expr","locations":[{"start":{"line":17,"column":70},"end":{"line":17,"column":73}},{"start":{"line":17,"column":76},"end":{"line":17,"column":92}}]},"6":{"line":17,"type":"binary-expr","locations":[{"start":{"line":17,"column":46},"end":{"line":17,"column":49}},{"start":{"line":17,"column":53},"end":{"line":17,"column":67}}]},"7":{"line":19,"type":"if","locations":[{"start":{"line":19,"column":50},"end":{"line":19,"column":50}},{"start":{"line":19,"column":50},"end":{"line":19,"column":50}}]},"8":{"line":35,"type":"if","locations":[{"start":{"line":35,"column":6},"end":{"line":35,"column":6}},{"start":{"line":35,"column":6},"end":{"line":35,"column":6}}]},"9":{"line":71,"type":"if","locations":[{"start":{"line":71,"column":8},"end":{"line":71,"column":8}},{"start":{"line":71,"column":8},"end":{"line":71,"column":8}}]}}},"C:\\Users\\MKO\\Desktop\\post-it\\dist\\middlewares\\validations.js":{"path":"C:\\Users\\MKO\\Desktop\\post-it\\dist\\middlewares\\validations.js","s":{"1":1,"2":1,"3":1,"4":1,"5":4,"6":4,"7":4,"8":4,"9":4,"10":4,"11":1,"12":1,"13":1,"14":1,"15":0,"16":1,"17":1,"18":1,"19":1,"20":1,"21":1,"22":2,"23":1,"24":1,"25":0,"26":1,"27":1,"28":1,"29":1,"30":0,"31":0,"32":0,"33":0,"34":0,"35":0,"36":0,"37":0,"38":0,"39":0,"40":0,"41":0,"42":0,"43":0,"44":0,"45":0,"46":0,"47":0,"48":0,"49":0,"50":0,"51":0,"52":0,"53":0,"54":0,"55":0,"56":0,"57":0,"58":1,"59":1},"b":{"1":[4,4],"2":[4,0],"3":[1,0],"4":[0,1],"5":[0,2],"6":[2,2],"7":[0,1],"8":[0,0],"9":[0,0],"10":[0,0],"11":[0,0],"12":[0,0],"13":[0,0],"14":[0,0],"15":[0,0],"16":[0,0],"17":[0,0],"18":[0,0],"19":[0,0],"20":[0,0],"21":[0,0],"22":[0,0],"23":[0,0],"24":[0,0],"25":[0,0]},"f":{"1":1,"2":1,"3":1,"4":2,"5":1,"6":1,"7":1,"8":0,"9":0,"10":0,"11":0},"fnMap":{"1":{"name":"(anonymous_1)","line":7,"loc":{"start":{"line":7,"column":19},"end":{"line":7,"column":31}}},"2":{"name":"defineProperties","line":7,"loc":{"start":{"line":7,"column":33},"end":{"line":7,"column":74}}},"3":{"name":"(anonymous_3)","line":7,"loc":{"start":{"line":7,"column":357},"end":{"line":7,"column":405}}},"4":{"name":"_interopRequireDefault","line":17,"loc":{"start":{"line":17,"column":0},"end":{"line":17,"column":37}}},"5":{"name":"_classCallCheck","line":19,"loc":{"start":{"line":19,"column":0},"end":{"line":19,"column":48}}},"6":{"name":"(anonymous_6)","line":21,"loc":{"start":{"line":21,"column":18},"end":{"line":21,"column":30}}},"7":{"name":"Validations","line":22,"loc":{"start":{"line":22,"column":2},"end":{"line":22,"column":25}}},"8":{"name":"signup","line":28,"loc":{"start":{"line":28,"column":11},"end":{"line":28,"column":33}}},"9":{"name":"signin","line":63,"loc":{"start":{"line":63,"column":11},"end":{"line":63,"column":33}}},"10":{"name":"createGroupInput","line":82,"loc":{"start":{"line":82,"column":11},"end":{"line":82,"column":43}}},"11":{"name":"username","line":97,"loc":{"start":{"line":97,"column":11},"end":{"line":97,"column":35}}}},"statementMap":{"1":{"start":{"line":3,"column":0},"end":{"line":5,"column":3}},"2":{"start":{"line":7,"column":0},"end":{"line":7,"column":564}},"3":{"start":{"line":7,"column":33},"end":{"line":7,"column":349}},"4":{"start":{"line":7,"column":76},"end":{"line":7,"column":347}},"5":{"start":{"line":7,"column":117},"end":{"line":7,"column":143}},"6":{"start":{"line":7,"column":144},"end":{"line":7,"column":199}},"7":{"start":{"line":7,"column":200},"end":{"line":7,"column":231}},"8":{"start":{"line":7,"column":232},"end":{"line":7,"column":286}},"9":{"start":{"line":7,"column":259},"end":{"line":7,"column":286}},"10":{"start":{"line":7,"column":287},"end":{"line":7,"column":345}},"11":{"start":{"line":7,"column":350},"end":{"line":7,"column":559}},"12":{"start":{"line":7,"column":407},"end":{"line":7,"column":475}},"13":{"start":{"line":7,"column":423},"end":{"line":7,"column":475}},"14":{"start":{"line":7,"column":476},"end":{"line":7,"column":536}},"15":{"start":{"line":7,"column":493},"end":{"line":7,"column":536}},"16":{"start":{"line":7,"column":537},"end":{"line":7,"column":556}},"17":{"start":{"line":9,"column":0},"end":{"line":9,"column":38}},"18":{"start":{"line":11,"column":0},"end":{"line":11,"column":53}},"19":{"start":{"line":13,"column":0},"end":{"line":13,"column":41}},"20":{"start":{"line":15,"column":0},"end":{"line":15,"column":49}},"21":{"start":{"line":17,"column":0},"end":{"line":17,"column":95}},"22":{"start":{"line":17,"column":39},"end":{"line":17,"column":93}},"23":{"start":{"line":19,"column":0},"end":{"line":19,"column":153}},"24":{"start":{"line":19,"column":50},"end":{"line":19,"column":151}},"25":{"start":{"line":19,"column":92},"end":{"line":19,"column":149}},"26":{"start":{"line":21,"column":0},"end":{"line":113,"column":4}},"27":{"start":{"line":22,"column":2},"end":{"line":24,"column":3}},"28":{"start":{"line":23,"column":4},"end":{"line":23,"column":39}},"29":{"start":{"line":26,"column":2},"end":{"line":110,"column":6}},"30":{"start":{"line":29,"column":6},"end":{"line":29,"column":22}},"31":{"start":{"line":31,"column":6},"end":{"line":33,"column":7}},"32":{"start":{"line":32,"column":8},"end":{"line":32,"column":49}},"33":{"start":{"line":35,"column":6},"end":{"line":37,"column":7}},"34":{"start":{"line":36,"column":8},"end":{"line":36,"column":43}},"35":{"start":{"line":39,"column":6},"end":{"line":41,"column":7}},"36":{"start":{"line":40,"column":8},"end":{"line":40,"column":42}},"37":{"start":{"line":43,"column":6},"end":{"line":45,"column":7}},"38":{"start":{"line":44,"column":8},"end":{"line":44,"column":49}},"39":{"start":{"line":47,"column":6},"end":{"line":49,"column":7}},"40":{"start":{"line":48,"column":8},"end":{"line":48,"column":74}},"41":{"start":{"line":51,"column":6},"end":{"line":53,"column":7}},"42":{"start":{"line":52,"column":8},"end":{"line":52,"column":63}},"43":{"start":{"line":55,"column":6},"end":{"line":59,"column":8}},"44":{"start":{"line":64,"column":6},"end":{"line":64,"column":22}},"45":{"start":{"line":66,"column":6},"end":{"line":68,"column":7}},"46":{"start":{"line":67,"column":8},"end":{"line":67,"column":49}},"47":{"start":{"line":70,"column":6},"end":{"line":72,"column":7}},"48":{"start":{"line":71,"column":8},"end":{"line":71,"column":49}},"49":{"start":{"line":74,"column":6},"end":{"line":78,"column":8}},"50":{"start":{"line":83,"column":6},"end":{"line":83,"column":22}},"51":{"start":{"line":85,"column":6},"end":{"line":87,"column":7}},"52":{"start":{"line":86,"column":8},"end":{"line":86,"column":48}},"53":{"start":{"line":89,"column":6},"end":{"line":93,"column":8}},"54":{"start":{"line":98,"column":6},"end":{"line":98,"column":22}},"55":{"start":{"line":100,"column":6},"end":{"line":102,"column":7}},"56":{"start":{"line":101,"column":8},"end":{"line":101,"column":49}},"57":{"start":{"line":104,"column":6},"end":{"line":108,"column":8}},"58":{"start":{"line":112,"column":2},"end":{"line":112,"column":21}},"59":{"start":{"line":115,"column":0},"end":{"line":115,"column":30}}},"branchMap":{"1":{"line":7,"type":"binary-expr","locations":[{"start":{"line":7,"column":168},"end":{"line":7,"column":189}},{"start":{"line":7,"column":193},"end":{"line":7,"column":198}}]},"2":{"line":7,"type":"if","locations":[{"start":{"line":7,"column":232},"end":{"line":7,"column":232}},{"start":{"line":7,"column":232},"end":{"line":7,"column":232}}]},"3":{"line":7,"type":"if","locations":[{"start":{"line":7,"column":407},"end":{"line":7,"column":407}},{"start":{"line":7,"column":407},"end":{"line":7,"column":407}}]},"4":{"line":7,"type":"if","locations":[{"start":{"line":7,"column":476},"end":{"line":7,"column":476}},{"start":{"line":7,"column":476},"end":{"line":7,"column":476}}]},"5":{"line":17,"type":"cond-expr","locations":[{"start":{"line":17,"column":70},"end":{"line":17,"column":73}},{"start":{"line":17,"column":76},"end":{"line":17,"column":92}}]},"6":{"line":17,"type":"binary-expr","locations":[{"start":{"line":17,"column":46},"end":{"line":17,"column":49}},{"start":{"line":17,"column":53},"end":{"line":17,"column":67}}]},"7":{"line":19,"type":"if","locations":[{"start":{"line":19,"column":50},"end":{"line":19,"column":50}},{"start":{"line":19,"column":50},"end":{"line":19,"column":50}}]},"8":{"line":31,"type":"if","locations":[{"start":{"line":31,"column":6},"end":{"line":31,"column":6}},{"start":{"line":31,"column":6},"end":{"line":31,"column":6}}]},"9":{"line":31,"type":"binary-expr","locations":[{"start":{"line":31,"column":10},"end":{"line":31,"column":32}},{"start":{"line":31,"column":36},"end":{"line":31,"column":55}}]},"10":{"line":35,"type":"if","locations":[{"start":{"line":35,"column":6},"end":{"line":35,"column":6}},{"start":{"line":35,"column":6},"end":{"line":35,"column":6}}]},"11":{"line":35,"type":"binary-expr","locations":[{"start":{"line":35,"column":10},"end":{"line":35,"column":29}},{"start":{"line":35,"column":33},"end":{"line":35,"column":49}}]},"12":{"line":39,"type":"if","locations":[{"start":{"line":39,"column":6},"end":{"line":39,"column":6}},{"start":{"line":39,"column":6},"end":{"line":39,"column":6}}]},"13":{"line":43,"type":"if","locations":[{"start":{"line":43,"column":6},"end":{"line":43,"column":6}},{"start":{"line":43,"column":6},"end":{"line":43,"column":6}}]},"14":{"line":43,"type":"binary-expr","locations":[{"start":{"line":43,"column":10},"end":{"line":43,"column":32}},{"start":{"line":43,"column":36},"end":{"line":43,"column":55}}]},"15":{"line":47,"type":"if","locations":[{"start":{"line":47,"column":6},"end":{"line":47,"column":6}},{"start":{"line":47,"column":6},"end":{"line":47,"column":6}}]},"16":{"line":47,"type":"binary-expr","locations":[{"start":{"line":47,"column":10},"end":{"line":47,"column":44}},{"start":{"line":47,"column":48},"end":{"line":47,"column":79}}]},"17":{"line":51,"type":"if","locations":[{"start":{"line":51,"column":6},"end":{"line":51,"column":6}},{"start":{"line":51,"column":6},"end":{"line":51,"column":6}}]},"18":{"line":66,"type":"if","locations":[{"start":{"line":66,"column":6},"end":{"line":66,"column":6}},{"start":{"line":66,"column":6},"end":{"line":66,"column":6}}]},"19":{"line":66,"type":"binary-expr","locations":[{"start":{"line":66,"column":10},"end":{"line":66,"column":32}},{"start":{"line":66,"column":36},"end":{"line":66,"column":55}}]},"20":{"line":70,"type":"if","locations":[{"start":{"line":70,"column":6},"end":{"line":70,"column":6}},{"start":{"line":70,"column":6},"end":{"line":70,"column":6}}]},"21":{"line":70,"type":"binary-expr","locations":[{"start":{"line":70,"column":10},"end":{"line":70,"column":32}},{"start":{"line":70,"column":36},"end":{"line":70,"column":55}}]},"22":{"line":85,"type":"if","locations":[{"start":{"line":85,"column":6},"end":{"line":85,"column":6}},{"start":{"line":85,"column":6},"end":{"line":85,"column":6}}]},"23":{"line":85,"type":"binary-expr","locations":[{"start":{"line":85,"column":10},"end":{"line":85,"column":29}},{"start":{"line":85,"column":33},"end":{"line":85,"column":50}}]},"24":{"line":100,"type":"if","locations":[{"start":{"line":100,"column":6},"end":{"line":100,"column":6}},{"start":{"line":100,"column":6},"end":{"line":100,"column":6}}]},"25":{"line":100,"type":"binary-expr","locations":[{"start":{"line":100,"column":10},"end":{"line":100,"column":32}},{"start":{"line":100,"column":36},"end":{"line":100,"column":56}}]}}},"C:\\Users\\MKO\\Desktop\\post-it\\dist\\controllers\\groupController.js":{"path":"C:\\Users\\MKO\\Desktop\\post-it\\dist\\controllers\\groupController.js","s":{"1":1,"2":1,"3":1,"4":1,"5":7,"6":7,"7":7,"8":7,"9":7,"10":7,"11":1,"12":1,"13":1,"14":1,"15":0,"16":1,"17":1,"18":1,"19":1,"20":1,"21":0,"22":1,"23":1,"24":1,"25":1,"26":2,"27":1,"28":1,"29":0,"30":1,"31":1,"32":2,"33":1,"34":1,"35":0,"36":1,"37":1,"38":0,"39":0,"40":1,"41":0,"42":0,"43":0,"44":0,"45":0,"46":1,"47":2,"48":1,"49":1,"50":1,"51":1,"52":1,"53":1,"54":2,"55":1,"56":1,"57":1,"58":1,"59":0,"60":1,"61":0,"62":0,"63":1,"64":1,"65":1,"66":1,"67":0,"68":0,"69":0,"70":0,"71":0,"72":0,"73":1,"74":1},"b":{"1":[7,7],"2":[7,0],"3":[1,0],"4":[0,1],"5":[0,1],"6":[1,1],"7":[1,1],"8":[0,1],"9":[1,1],"10":[1,1]},"f":{"1":1,"2":1,"3":1,"4":1,"5":1,"6":1,"7":2,"8":1,"9":0,"10":2,"11":1,"12":1,"13":0,"14":0,"15":0,"16":0,"17":2,"18":1,"19":1,"20":2,"21":1,"22":0,"23":0,"24":0,"25":1,"26":1,"27":0,"28":0,"29":0},"fnMap":{"1":{"name":"(anonymous_1)","line":7,"loc":{"start":{"line":7,"column":19},"end":{"line":7,"column":31}}},"2":{"name":"defineProperties","line":7,"loc":{"start":{"line":7,"column":33},"end":{"line":7,"column":74}}},"3":{"name":"(anonymous_3)","line":7,"loc":{"start":{"line":7,"column":357},"end":{"line":7,"column":405}}},"4":{"name":"_classCallCheck","line":13,"loc":{"start":{"line":13,"column":0},"end":{"line":13,"column":48}}},"5":{"name":"(anonymous_5)","line":15,"loc":{"start":{"line":15,"column":19},"end":{"line":15,"column":31}}},"6":{"name":"GroupActions","line":16,"loc":{"start":{"line":16,"column":2},"end":{"line":16,"column":26}}},"7":{"name":"createGroup","line":25,"loc":{"start":{"line":25,"column":11},"end":{"line":25,"column":42}}},"8":{"name":"(anonymous_8)","line":27,"loc":{"start":{"line":27,"column":50},"end":{"line":27,"column":62}}},"9":{"name":"(anonymous_9)","line":32,"loc":{"start":{"line":32,"column":19},"end":{"line":32,"column":34}}},"10":{"name":"addUserToGroup","line":44,"loc":{"start":{"line":44,"column":11},"end":{"line":44,"column":45}}},"11":{"name":"(anonymous_11)","line":51,"loc":{"start":{"line":51,"column":16},"end":{"line":51,"column":32}}},"12":{"name":"(anonymous_12)","line":55,"loc":{"start":{"line":55,"column":59},"end":{"line":55,"column":71}}},"13":{"name":"(anonymous_13)","line":59,"loc":{"start":{"line":59,"column":23},"end":{"line":59,"column":38}}},"14":{"name":"(anonymous_14)","line":67,"loc":{"start":{"line":67,"column":17},"end":{"line":67,"column":32}}},"15":{"name":"(anonymous_15)","line":68,"loc":{"start":{"line":68,"column":56},"end":{"line":68,"column":68}}},"16":{"name":"(anonymous_16)","line":72,"loc":{"start":{"line":72,"column":21},"end":{"line":72,"column":36}}},"17":{"name":"postMessageToGroup","line":85,"loc":{"start":{"line":85,"column":11},"end":{"line":85,"column":49}}},"18":{"name":"(anonymous_18)","line":87,"loc":{"start":{"line":87,"column":49},"end":{"line":87,"column":61}}},"19":{"name":"(anonymous_19)","line":91,"loc":{"start":{"line":91,"column":19},"end":{"line":91,"column":34}}},"20":{"name":"getPosts","line":104,"loc":{"start":{"line":104,"column":11},"end":{"line":104,"column":39}}},"21":{"name":"(anonymous_21)","line":110,"loc":{"start":{"line":110,"column":16},"end":{"line":110,"column":33}}},"22":{"name":"(anonymous_22)","line":114,"loc":{"start":{"line":114,"column":17},"end":{"line":114,"column":32}}},"23":{"name":"checkGroups","line":123,"loc":{"start":{"line":123,"column":11},"end":{"line":123,"column":42}}},"24":{"name":"(anonymous_24)","line":128,"loc":{"start":{"line":128,"column":14},"end":{"line":128,"column":31}}},"25":{"name":"getUserGroups","line":134,"loc":{"start":{"line":134,"column":11},"end":{"line":134,"column":44}}},"26":{"name":"(anonymous_26)","line":139,"loc":{"start":{"line":139,"column":14},"end":{"line":139,"column":32}}},"27":{"name":"(anonymous_27)","line":143,"loc":{"start":{"line":143,"column":15},"end":{"line":143,"column":30}}},"28":{"name":"getNumberOfGroups","line":149,"loc":{"start":{"line":149,"column":11},"end":{"line":149,"column":48}}},"29":{"name":"(anonymous_29)","line":157,"loc":{"start":{"line":157,"column":14},"end":{"line":157,"column":33}}}},"statementMap":{"1":{"start":{"line":3,"column":0},"end":{"line":5,"column":3}},"2":{"start":{"line":7,"column":0},"end":{"line":7,"column":564}},"3":{"start":{"line":7,"column":33},"end":{"line":7,"column":349}},"4":{"start":{"line":7,"column":76},"end":{"line":7,"column":347}},"5":{"start":{"line":7,"column":117},"end":{"line":7,"column":143}},"6":{"start":{"line":7,"column":144},"end":{"line":7,"column":199}},"7":{"start":{"line":7,"column":200},"end":{"line":7,"column":231}},"8":{"start":{"line":7,"column":232},"end":{"line":7,"column":286}},"9":{"start":{"line":7,"column":259},"end":{"line":7,"column":286}},"10":{"start":{"line":7,"column":287},"end":{"line":7,"column":345}},"11":{"start":{"line":7,"column":350},"end":{"line":7,"column":559}},"12":{"start":{"line":7,"column":407},"end":{"line":7,"column":475}},"13":{"start":{"line":7,"column":423},"end":{"line":7,"column":475}},"14":{"start":{"line":7,"column":476},"end":{"line":7,"column":536}},"15":{"start":{"line":7,"column":493},"end":{"line":7,"column":536}},"16":{"start":{"line":7,"column":537},"end":{"line":7,"column":556}},"17":{"start":{"line":9,"column":0},"end":{"line":9,"column":27}},"18":{"start":{"line":11,"column":0},"end":{"line":11,"column":42}},"19":{"start":{"line":13,"column":0},"end":{"line":13,"column":153}},"20":{"start":{"line":13,"column":50},"end":{"line":13,"column":151}},"21":{"start":{"line":13,"column":92},"end":{"line":13,"column":149}},"22":{"start":{"line":15,"column":0},"end":{"line":167,"column":4}},"23":{"start":{"line":16,"column":2},"end":{"line":18,"column":3}},"24":{"start":{"line":17,"column":4},"end":{"line":17,"column":40}},"25":{"start":{"line":20,"column":2},"end":{"line":164,"column":6}},"26":{"start":{"line":26,"column":6},"end":{"line":40,"column":7}},"27":{"start":{"line":27,"column":8},"end":{"line":35,"column":11}},"28":{"start":{"line":28,"column":10},"end":{"line":34,"column":13}},"29":{"start":{"line":33,"column":12},"end":{"line":33,"column":74}},"30":{"start":{"line":37,"column":8},"end":{"line":37,"column":71}},"31":{"start":{"line":39,"column":8},"end":{"line":39,"column":78}},"32":{"start":{"line":45,"column":6},"end":{"line":81,"column":7}},"33":{"start":{"line":46,"column":8},"end":{"line":78,"column":11}},"34":{"start":{"line":52,"column":10},"end":{"line":66,"column":11}},"35":{"start":{"line":53,"column":12},"end":{"line":53,"column":105}},"36":{"start":{"line":55,"column":12},"end":{"line":63,"column":15}},"37":{"start":{"line":56,"column":14},"end":{"line":62,"column":17}},"38":{"start":{"line":60,"column":16},"end":{"line":60,"column":33}},"39":{"start":{"line":61,"column":16},"end":{"line":61,"column":66}},"40":{"start":{"line":65,"column":12},"end":{"line":65,"column":57}},"41":{"start":{"line":68,"column":10},"end":{"line":76,"column":13}},"42":{"start":{"line":69,"column":12},"end":{"line":75,"column":15}},"43":{"start":{"line":73,"column":14},"end":{"line":73,"column":31}},"44":{"start":{"line":74,"column":14},"end":{"line":74,"column":64}},"45":{"start":{"line":77,"column":10},"end":{"line":77,"column":55}},"46":{"start":{"line":80,"column":8},"end":{"line":80,"column":78}},"47":{"start":{"line":86,"column":6},"end":{"line":100,"column":7}},"48":{"start":{"line":87,"column":8},"end":{"line":95,"column":11}},"49":{"start":{"line":88,"column":10},"end":{"line":94,"column":13}},"50":{"start":{"line":92,"column":12},"end":{"line":92,"column":29}},"51":{"start":{"line":93,"column":12},"end":{"line":93,"column":85}},"52":{"start":{"line":97,"column":8},"end":{"line":97,"column":57}},"53":{"start":{"line":99,"column":8},"end":{"line":99,"column":76}},"54":{"start":{"line":105,"column":6},"end":{"line":119,"column":7}},"55":{"start":{"line":106,"column":8},"end":{"line":116,"column":11}},"56":{"start":{"line":111,"column":10},"end":{"line":111,"column":43}},"57":{"start":{"line":112,"column":10},"end":{"line":112,"column":34}},"58":{"start":{"line":113,"column":10},"end":{"line":113,"column":36}},"59":{"start":{"line":115,"column":10},"end":{"line":115,"column":60}},"60":{"start":{"line":118,"column":8},"end":{"line":118,"column":76}},"61":{"start":{"line":124,"column":6},"end":{"line":130,"column":9}},"62":{"start":{"line":129,"column":8},"end":{"line":129,"column":35}},"63":{"start":{"line":135,"column":6},"end":{"line":145,"column":9}},"64":{"start":{"line":140,"column":8},"end":{"line":140,"column":42}},"65":{"start":{"line":141,"column":8},"end":{"line":141,"column":32}},"66":{"start":{"line":142,"column":8},"end":{"line":142,"column":23}},"67":{"start":{"line":144,"column":8},"end":{"line":144,"column":93}},"68":{"start":{"line":150,"column":6},"end":{"line":162,"column":9}},"69":{"start":{"line":158,"column":8},"end":{"line":158,"column":43}},"70":{"start":{"line":159,"column":8},"end":{"line":159,"column":32}},"71":{"start":{"line":160,"column":8},"end":{"line":160,"column":26}},"72":{"start":{"line":161,"column":8},"end":{"line":161,"column":23}},"73":{"start":{"line":166,"column":2},"end":{"line":166,"column":22}},"74":{"start":{"line":169,"column":0},"end":{"line":169,"column":31}}},"branchMap":{"1":{"line":7,"type":"binary-expr","locations":[{"start":{"line":7,"column":168},"end":{"line":7,"column":189}},{"start":{"line":7,"column":193},"end":{"line":7,"column":198}}]},"2":{"line":7,"type":"if","locations":[{"start":{"line":7,"column":232},"end":{"line":7,"column":232}},{"start":{"line":7,"column":232},"end":{"line":7,"column":232}}]},"3":{"line":7,"type":"if","locations":[{"start":{"line":7,"column":407},"end":{"line":7,"column":407}},{"start":{"line":7,"column":407},"end":{"line":7,"column":407}}]},"4":{"line":7,"type":"if","locations":[{"start":{"line":7,"column":476},"end":{"line":7,"column":476}},{"start":{"line":7,"column":476},"end":{"line":7,"column":476}}]},"5":{"line":13,"type":"if","locations":[{"start":{"line":13,"column":50},"end":{"line":13,"column":50}},{"start":{"line":13,"column":50},"end":{"line":13,"column":50}}]},"6":{"line":26,"type":"if","locations":[{"start":{"line":26,"column":6},"end":{"line":26,"column":6}},{"start":{"line":26,"column":6},"end":{"line":26,"column":6}}]},"7":{"line":45,"type":"if","locations":[{"start":{"line":45,"column":6},"end":{"line":45,"column":6}},{"start":{"line":45,"column":6},"end":{"line":45,"column":6}}]},"8":{"line":52,"type":"if","locations":[{"start":{"line":52,"column":10},"end":{"line":52,"column":10}},{"start":{"line":52,"column":10},"end":{"line":52,"column":10}}]},"9":{"line":86,"type":"if","locations":[{"start":{"line":86,"column":6},"end":{"line":86,"column":6}},{"start":{"line":86,"column":6},"end":{"line":86,"column":6}}]},"10":{"line":105,"type":"if","locations":[{"start":{"line":105,"column":6},"end":{"line":105,"column":6}},{"start":{"line":105,"column":6},"end":{"line":105,"column":6}}]}}}}