{"/Users/andeladeveloper/Desktop/post-it/dist/middlewares/validations.js":{"path":"/Users/andeladeveloper/Desktop/post-it/dist/middlewares/validations.js","s":{"1":1,"2":1,"3":1,"4":1,"5":4,"6":4,"7":4,"8":4,"9":4,"10":4,"11":1,"12":1,"13":1,"14":1,"15":0,"16":1,"17":1,"18":1,"19":1,"20":1,"21":1,"22":2,"23":1,"24":6,"25":0,"26":1,"27":1,"28":6,"29":1,"30":5,"31":5,"32":2,"33":5,"34":2,"35":5,"36":5,"37":5,"38":2,"39":5,"40":1,"41":5,"42":4,"43":5,"44":0,"45":0,"46":0,"47":0,"48":0,"49":0,"50":0,"51":0,"52":0,"53":0,"54":0,"55":0,"56":0,"57":0,"58":1,"59":1},"b":{"1":[4,4],"2":[4,0],"3":[1,0],"4":[0,1],"5":[0,2],"6":[2,2],"7":[0,6],"8":[2,3],"9":[5,5],"10":[2,3],"11":[5,5],"12":[5,0],"13":[5,0,0],"14":[2,3],"15":[5,5],"16":[1,4],"17":[5,5],"18":[4,1],"19":[0,0],"20":[0,0],"21":[0,0],"22":[0,0],"23":[0,0],"24":[0,0],"25":[0,0],"26":[0,0]},"f":{"1":1,"2":1,"3":1,"4":2,"5":6,"6":1,"7":6,"8":5,"9":0,"10":0,"11":0},"fnMap":{"1":{"name":"(anonymous_1)","line":7,"loc":{"start":{"line":7,"column":19},"end":{"line":7,"column":31}}},"2":{"name":"defineProperties","line":7,"loc":{"start":{"line":7,"column":33},"end":{"line":7,"column":74}}},"3":{"name":"(anonymous_3)","line":7,"loc":{"start":{"line":7,"column":357},"end":{"line":7,"column":405}}},"4":{"name":"_interopRequireDefault","line":17,"loc":{"start":{"line":17,"column":0},"end":{"line":17,"column":37}}},"5":{"name":"_classCallCheck","line":19,"loc":{"start":{"line":19,"column":0},"end":{"line":19,"column":48}}},"6":{"name":"(anonymous_6)","line":21,"loc":{"start":{"line":21,"column":18},"end":{"line":21,"column":30}}},"7":{"name":"Validations","line":22,"loc":{"start":{"line":22,"column":2},"end":{"line":22,"column":25}}},"8":{"name":"signup","line":28,"loc":{"start":{"line":28,"column":11},"end":{"line":28,"column":33}}},"9":{"name":"signin","line":63,"loc":{"start":{"line":63,"column":11},"end":{"line":63,"column":33}}},"10":{"name":"createGroupInput","line":82,"loc":{"start":{"line":82,"column":11},"end":{"line":82,"column":43}}},"11":{"name":"username","line":97,"loc":{"start":{"line":97,"column":11},"end":{"line":97,"column":35}}}},"statementMap":{"1":{"start":{"line":3,"column":0},"end":{"line":5,"column":3}},"2":{"start":{"line":7,"column":0},"end":{"line":7,"column":564}},"3":{"start":{"line":7,"column":33},"end":{"line":7,"column":349}},"4":{"start":{"line":7,"column":76},"end":{"line":7,"column":347}},"5":{"start":{"line":7,"column":117},"end":{"line":7,"column":143}},"6":{"start":{"line":7,"column":144},"end":{"line":7,"column":199}},"7":{"start":{"line":7,"column":200},"end":{"line":7,"column":231}},"8":{"start":{"line":7,"column":232},"end":{"line":7,"column":286}},"9":{"start":{"line":7,"column":259},"end":{"line":7,"column":286}},"10":{"start":{"line":7,"column":287},"end":{"line":7,"column":345}},"11":{"start":{"line":7,"column":350},"end":{"line":7,"column":559}},"12":{"start":{"line":7,"column":407},"end":{"line":7,"column":475}},"13":{"start":{"line":7,"column":423},"end":{"line":7,"column":475}},"14":{"start":{"line":7,"column":476},"end":{"line":7,"column":536}},"15":{"start":{"line":7,"column":493},"end":{"line":7,"column":536}},"16":{"start":{"line":7,"column":537},"end":{"line":7,"column":556}},"17":{"start":{"line":9,"column":0},"end":{"line":9,"column":38}},"18":{"start":{"line":11,"column":0},"end":{"line":11,"column":53}},"19":{"start":{"line":13,"column":0},"end":{"line":13,"column":41}},"20":{"start":{"line":15,"column":0},"end":{"line":15,"column":49}},"21":{"start":{"line":17,"column":0},"end":{"line":17,"column":95}},"22":{"start":{"line":17,"column":39},"end":{"line":17,"column":93}},"23":{"start":{"line":19,"column":0},"end":{"line":19,"column":153}},"24":{"start":{"line":19,"column":50},"end":{"line":19,"column":151}},"25":{"start":{"line":19,"column":92},"end":{"line":19,"column":149}},"26":{"start":{"line":21,"column":0},"end":{"line":113,"column":4}},"27":{"start":{"line":22,"column":2},"end":{"line":24,"column":3}},"28":{"start":{"line":23,"column":4},"end":{"line":23,"column":39}},"29":{"start":{"line":26,"column":2},"end":{"line":110,"column":6}},"30":{"start":{"line":29,"column":6},"end":{"line":29,"column":22}},"31":{"start":{"line":31,"column":6},"end":{"line":33,"column":7}},"32":{"start":{"line":32,"column":8},"end":{"line":32,"column":49}},"33":{"start":{"line":35,"column":6},"end":{"line":37,"column":7}},"34":{"start":{"line":36,"column":8},"end":{"line":36,"column":43}},"35":{"start":{"line":39,"column":6},"end":{"line":41,"column":7}},"36":{"start":{"line":40,"column":8},"end":{"line":40,"column":42}},"37":{"start":{"line":43,"column":6},"end":{"line":45,"column":7}},"38":{"start":{"line":44,"column":8},"end":{"line":44,"column":49}},"39":{"start":{"line":47,"column":6},"end":{"line":49,"column":7}},"40":{"start":{"line":48,"column":8},"end":{"line":48,"column":74}},"41":{"start":{"line":51,"column":6},"end":{"line":53,"column":7}},"42":{"start":{"line":52,"column":8},"end":{"line":52,"column":63}},"43":{"start":{"line":55,"column":6},"end":{"line":59,"column":8}},"44":{"start":{"line":64,"column":6},"end":{"line":64,"column":22}},"45":{"start":{"line":66,"column":6},"end":{"line":68,"column":7}},"46":{"start":{"line":67,"column":8},"end":{"line":67,"column":49}},"47":{"start":{"line":70,"column":6},"end":{"line":72,"column":7}},"48":{"start":{"line":71,"column":8},"end":{"line":71,"column":49}},"49":{"start":{"line":74,"column":6},"end":{"line":78,"column":8}},"50":{"start":{"line":83,"column":6},"end":{"line":83,"column":22}},"51":{"start":{"line":85,"column":6},"end":{"line":87,"column":7}},"52":{"start":{"line":86,"column":8},"end":{"line":86,"column":48}},"53":{"start":{"line":89,"column":6},"end":{"line":93,"column":8}},"54":{"start":{"line":98,"column":6},"end":{"line":98,"column":22}},"55":{"start":{"line":100,"column":6},"end":{"line":102,"column":7}},"56":{"start":{"line":101,"column":8},"end":{"line":101,"column":49}},"57":{"start":{"line":104,"column":6},"end":{"line":108,"column":8}},"58":{"start":{"line":112,"column":2},"end":{"line":112,"column":21}},"59":{"start":{"line":115,"column":0},"end":{"line":115,"column":30}}},"branchMap":{"1":{"line":7,"type":"binary-expr","locations":[{"start":{"line":7,"column":168},"end":{"line":7,"column":189}},{"start":{"line":7,"column":193},"end":{"line":7,"column":198}}]},"2":{"line":7,"type":"if","locations":[{"start":{"line":7,"column":232},"end":{"line":7,"column":232}},{"start":{"line":7,"column":232},"end":{"line":7,"column":232}}]},"3":{"line":7,"type":"if","locations":[{"start":{"line":7,"column":407},"end":{"line":7,"column":407}},{"start":{"line":7,"column":407},"end":{"line":7,"column":407}}]},"4":{"line":7,"type":"if","locations":[{"start":{"line":7,"column":476},"end":{"line":7,"column":476}},{"start":{"line":7,"column":476},"end":{"line":7,"column":476}}]},"5":{"line":17,"type":"cond-expr","locations":[{"start":{"line":17,"column":70},"end":{"line":17,"column":73}},{"start":{"line":17,"column":76},"end":{"line":17,"column":92}}]},"6":{"line":17,"type":"binary-expr","locations":[{"start":{"line":17,"column":46},"end":{"line":17,"column":49}},{"start":{"line":17,"column":53},"end":{"line":17,"column":67}}]},"7":{"line":19,"type":"if","locations":[{"start":{"line":19,"column":50},"end":{"line":19,"column":50}},{"start":{"line":19,"column":50},"end":{"line":19,"column":50}}]},"8":{"line":31,"type":"if","locations":[{"start":{"line":31,"column":6},"end":{"line":31,"column":6}},{"start":{"line":31,"column":6},"end":{"line":31,"column":6}}]},"9":{"line":31,"type":"binary-expr","locations":[{"start":{"line":31,"column":10},"end":{"line":31,"column":32}},{"start":{"line":31,"column":36},"end":{"line":31,"column":56}}]},"10":{"line":35,"type":"if","locations":[{"start":{"line":35,"column":6},"end":{"line":35,"column":6}},{"start":{"line":35,"column":6},"end":{"line":35,"column":6}}]},"11":{"line":35,"type":"binary-expr","locations":[{"start":{"line":35,"column":10},"end":{"line":35,"column":29}},{"start":{"line":35,"column":33},"end":{"line":35,"column":50}}]},"12":{"line":39,"type":"if","locations":[{"start":{"line":39,"column":6},"end":{"line":39,"column":6}},{"start":{"line":39,"column":6},"end":{"line":39,"column":6}}]},"13":{"line":39,"type":"binary-expr","locations":[{"start":{"line":39,"column":10},"end":{"line":39,"column":29}},{"start":{"line":39,"column":33},"end":{"line":39,"column":50}},{"start":{"line":39,"column":54},"end":{"line":39,"column":94}}]},"14":{"line":43,"type":"if","locations":[{"start":{"line":43,"column":6},"end":{"line":43,"column":6}},{"start":{"line":43,"column":6},"end":{"line":43,"column":6}}]},"15":{"line":43,"type":"binary-expr","locations":[{"start":{"line":43,"column":10},"end":{"line":43,"column":32}},{"start":{"line":43,"column":36},"end":{"line":43,"column":56}}]},"16":{"line":47,"type":"if","locations":[{"start":{"line":47,"column":6},"end":{"line":47,"column":6}},{"start":{"line":47,"column":6},"end":{"line":47,"column":6}}]},"17":{"line":47,"type":"binary-expr","locations":[{"start":{"line":47,"column":10},"end":{"line":47,"column":44}},{"start":{"line":47,"column":48},"end":{"line":47,"column":80}}]},"18":{"line":51,"type":"if","locations":[{"start":{"line":51,"column":6},"end":{"line":51,"column":6}},{"start":{"line":51,"column":6},"end":{"line":51,"column":6}}]},"19":{"line":66,"type":"if","locations":[{"start":{"line":66,"column":6},"end":{"line":66,"column":6}},{"start":{"line":66,"column":6},"end":{"line":66,"column":6}}]},"20":{"line":66,"type":"binary-expr","locations":[{"start":{"line":66,"column":10},"end":{"line":66,"column":32}},{"start":{"line":66,"column":36},"end":{"line":66,"column":56}}]},"21":{"line":70,"type":"if","locations":[{"start":{"line":70,"column":6},"end":{"line":70,"column":6}},{"start":{"line":70,"column":6},"end":{"line":70,"column":6}}]},"22":{"line":70,"type":"binary-expr","locations":[{"start":{"line":70,"column":10},"end":{"line":70,"column":32}},{"start":{"line":70,"column":36},"end":{"line":70,"column":56}}]},"23":{"line":85,"type":"if","locations":[{"start":{"line":85,"column":6},"end":{"line":85,"column":6}},{"start":{"line":85,"column":6},"end":{"line":85,"column":6}}]},"24":{"line":85,"type":"binary-expr","locations":[{"start":{"line":85,"column":10},"end":{"line":85,"column":29}},{"start":{"line":85,"column":33},"end":{"line":85,"column":50}}]},"25":{"line":100,"type":"if","locations":[{"start":{"line":100,"column":6},"end":{"line":100,"column":6}},{"start":{"line":100,"column":6},"end":{"line":100,"column":6}}]},"26":{"line":100,"type":"binary-expr","locations":[{"start":{"line":100,"column":10},"end":{"line":100,"column":32}},{"start":{"line":100,"column":36},"end":{"line":100,"column":56}}]}}},"/Users/andeladeveloper/Desktop/post-it/dist/models/models.js":{"path":"/Users/andeladeveloper/Desktop/post-it/dist/models/models.js","s":{"1":1,"2":1,"3":1,"4":1,"5":1,"6":1,"7":1,"8":1,"9":2,"10":1,"11":1,"12":1,"13":1,"14":1,"15":1,"16":2,"17":1,"18":1,"19":1,"20":2,"21":1,"22":1,"23":1,"24":1,"25":1},"b":{"1":[0,2],"2":[2,2]},"f":{"1":2,"2":2,"3":1,"4":2},"fnMap":{"1":{"name":"_interopRequireDefault","line":18,"loc":{"start":{"line":18,"column":0},"end":{"line":18,"column":37}}},"2":{"name":"(anonymous_2)","line":139,"loc":{"start":{"line":139,"column":18},"end":{"line":139,"column":34}}},"3":{"name":"(anonymous_3)","line":149,"loc":{"start":{"line":149,"column":24},"end":{"line":149,"column":40}}},"4":{"name":"(anonymous_4)","line":153,"loc":{"start":{"line":153,"column":18},"end":{"line":153,"column":34}}}},"statementMap":{"1":{"start":{"line":3,"column":0},"end":{"line":5,"column":3}},"2":{"start":{"line":6,"column":0},"end":{"line":6,"column":94}},"3":{"start":{"line":8,"column":0},"end":{"line":8,"column":38}},"4":{"start":{"line":10,"column":0},"end":{"line":10,"column":53}},"5":{"start":{"line":12,"column":0},"end":{"line":12,"column":45}},"6":{"start":{"line":14,"column":0},"end":{"line":14,"column":59}},"7":{"start":{"line":16,"column":0},"end":{"line":16,"column":27}},"8":{"start":{"line":18,"column":0},"end":{"line":18,"column":95}},"9":{"start":{"line":18,"column":39},"end":{"line":18,"column":93}},"10":{"start":{"line":24,"column":0},"end":{"line":69,"column":3}},"11":{"start":{"line":77,"column":0},"end":{"line":91,"column":3}},"12":{"start":{"line":95,"column":0},"end":{"line":107,"column":3}},"13":{"start":{"line":111,"column":0},"end":{"line":126,"column":3}},"14":{"start":{"line":130,"column":0},"end":{"line":130,"column":38}},"15":{"start":{"line":139,"column":0},"end":{"line":143,"column":3}},"16":{"start":{"line":140,"column":2},"end":{"line":140,"column":65}},"17":{"start":{"line":149,"column":0},"end":{"line":151,"column":3}},"18":{"start":{"line":150,"column":2},"end":{"line":150,"column":44}},"19":{"start":{"line":153,"column":0},"end":{"line":155,"column":3}},"20":{"start":{"line":154,"column":2},"end":{"line":154,"column":44}},"21":{"start":{"line":159,"column":0},"end":{"line":159,"column":20}},"22":{"start":{"line":160,"column":0},"end":{"line":160,"column":22}},"23":{"start":{"line":161,"column":0},"end":{"line":161,"column":32}},"24":{"start":{"line":162,"column":0},"end":{"line":162,"column":20}},"25":{"start":{"line":163,"column":0},"end":{"line":163,"column":40}}},"branchMap":{"1":{"line":18,"type":"cond-expr","locations":[{"start":{"line":18,"column":70},"end":{"line":18,"column":73}},{"start":{"line":18,"column":76},"end":{"line":18,"column":92}}]},"2":{"line":18,"type":"binary-expr","locations":[{"start":{"line":18,"column":46},"end":{"line":18,"column":49}},{"start":{"line":18,"column":53},"end":{"line":18,"column":67}}]}}},"/Users/andeladeveloper/Desktop/post-it/dist/db.js":{"path":"/Users/andeladeveloper/Desktop/post-it/dist/db.js","s":{"1":1,"2":1,"3":1,"4":1,"5":1,"6":1,"7":1,"8":1,"9":1,"10":1,"11":0,"12":1,"13":1,"14":1,"15":3,"16":3,"17":1,"18":1,"19":1,"20":2,"21":1,"22":1,"23":1,"24":0,"25":0,"26":0,"27":0,"28":0,"29":0,"30":0,"31":1},"b":{"1":[0,1],"2":[1,1],"3":[1,0],"4":[3,0],"5":[0,2],"6":[2,2],"7":[0,1],"8":[0,0]},"f":{"1":1,"2":2,"3":0,"4":0},"fnMap":{"1":{"name":"_interopRequireWildcard","line":20,"loc":{"start":{"line":20,"column":0},"end":{"line":20,"column":38}}},"2":{"name":"_interopRequireDefault","line":22,"loc":{"start":{"line":22,"column":0},"end":{"line":22,"column":37}}},"3":{"name":"(anonymous_3)","line":31,"loc":{"start":{"line":31,"column":49},"end":{"line":31,"column":72}}},"4":{"name":"(anonymous_4)","line":36,"loc":{"start":{"line":36,"column":93},"end":{"line":36,"column":108}}}},"statementMap":{"1":{"start":{"line":3,"column":0},"end":{"line":5,"column":3}},"2":{"start":{"line":6,"column":0},"end":{"line":6,"column":30}},"3":{"start":{"line":8,"column":0},"end":{"line":8,"column":38}},"4":{"start":{"line":10,"column":0},"end":{"line":10,"column":53}},"5":{"start":{"line":12,"column":0},"end":{"line":12,"column":24}},"6":{"start":{"line":14,"column":0},"end":{"line":14,"column":39}},"7":{"start":{"line":16,"column":0},"end":{"line":16,"column":32}},"8":{"start":{"line":18,"column":0},"end":{"line":18,"column":46}},"9":{"start":{"line":20,"column":0},"end":{"line":20,"column":269}},"10":{"start":{"line":20,"column":40},"end":{"line":20,"column":267}},"11":{"start":{"line":20,"column":69},"end":{"line":20,"column":80}},"12":{"start":{"line":20,"column":90},"end":{"line":20,"column":106}},"13":{"start":{"line":20,"column":107},"end":{"line":20,"column":228}},"14":{"start":{"line":20,"column":126},"end":{"line":20,"column":226}},"15":{"start":{"line":20,"column":149},"end":{"line":20,"column":224}},"16":{"start":{"line":20,"column":201},"end":{"line":20,"column":224}},"17":{"start":{"line":20,"column":229},"end":{"line":20,"column":250}},"18":{"start":{"line":20,"column":251},"end":{"line":20,"column":265}},"19":{"start":{"line":22,"column":0},"end":{"line":22,"column":95}},"20":{"start":{"line":22,"column":39},"end":{"line":22,"column":93}},"21":{"start":{"line":24,"column":0},"end":{"line":24,"column":16}},"22":{"start":{"line":26,"column":0},"end":{"line":26,"column":66}},"23":{"start":{"line":28,"column":0},"end":{"line":40,"column":1}},"24":{"start":{"line":29,"column":2},"end":{"line":29,"column":35}},"25":{"start":{"line":31,"column":2},"end":{"line":39,"column":5}},"26":{"start":{"line":32,"column":4},"end":{"line":32,"column":23}},"27":{"start":{"line":32,"column":13},"end":{"line":32,"column":23}},"28":{"start":{"line":34,"column":4},"end":{"line":34,"column":61}},"29":{"start":{"line":36,"column":4},"end":{"line":38,"column":7}},"30":{"start":{"line":37,"column":6},"end":{"line":37,"column":39}},"31":{"start":{"line":42,"column":0},"end":{"line":42,"column":30}}},"branchMap":{"1":{"line":20,"type":"if","locations":[{"start":{"line":20,"column":40},"end":{"line":20,"column":40}},{"start":{"line":20,"column":40},"end":{"line":20,"column":40}}]},"2":{"line":20,"type":"binary-expr","locations":[{"start":{"line":20,"column":44},"end":{"line":20,"column":47}},{"start":{"line":20,"column":51},"end":{"line":20,"column":65}}]},"3":{"line":20,"type":"if","locations":[{"start":{"line":20,"column":107},"end":{"line":20,"column":107}},{"start":{"line":20,"column":107},"end":{"line":20,"column":107}}]},"4":{"line":20,"type":"if","locations":[{"start":{"line":20,"column":149},"end":{"line":20,"column":149}},{"start":{"line":20,"column":149},"end":{"line":20,"column":149}}]},"5":{"line":22,"type":"cond-expr","locations":[{"start":{"line":22,"column":70},"end":{"line":22,"column":73}},{"start":{"line":22,"column":76},"end":{"line":22,"column":92}}]},"6":{"line":22,"type":"binary-expr","locations":[{"start":{"line":22,"column":46},"end":{"line":22,"column":49}},{"start":{"line":22,"column":53},"end":{"line":22,"column":67}}]},"7":{"line":28,"type":"if","locations":[{"start":{"line":28,"column":0},"end":{"line":28,"column":0}},{"start":{"line":28,"column":0},"end":{"line":28,"column":0}}]},"8":{"line":32,"type":"if","locations":[{"start":{"line":32,"column":4},"end":{"line":32,"column":4}},{"start":{"line":32,"column":4},"end":{"line":32,"column":4}}]}}},"/Users/andeladeveloper/Desktop/post-it/dist/app.js":{"path":"/Users/andeladeveloper/Desktop/post-it/dist/app.js","s":{"1":1,"2":1,"3":1,"4":1,"5":1,"6":1,"7":1,"8":1,"9":1,"10":1,"11":1,"12":1,"13":1,"14":1,"15":1,"16":1,"17":1,"18":6,"19":1,"20":1,"21":0,"22":1,"23":1,"24":1,"25":3,"26":3,"27":1,"28":1,"29":1,"30":1,"31":1,"32":1,"33":1,"34":1,"35":1,"36":0,"37":1,"38":1,"39":1,"40":1,"41":1,"42":1,"43":1,"44":1,"45":1,"46":1,"47":1,"48":1,"49":1,"50":1,"51":1,"52":1,"53":0,"54":1,"55":1,"56":1},"b":{"1":[2,4],"2":[6,6],"3":[0,1],"4":[1,1],"5":[1,0],"6":[3,0]},"f":{"1":6,"2":1,"3":1,"4":0,"5":0,"6":1},"fnMap":{"1":{"name":"_interopRequireDefault","line":37,"loc":{"start":{"line":37,"column":0},"end":{"line":37,"column":37}}},"2":{"name":"_interopRequireWildcard","line":39,"loc":{"start":{"line":39,"column":0},"end":{"line":39,"column":38}}},"3":{"name":"(anonymous_3)","line":51,"loc":{"start":{"line":51,"column":34},"end":{"line":51,"column":46}}},"4":{"name":"(anonymous_4)","line":53,"loc":{"start":{"line":53,"column":9},"end":{"line":53,"column":24}}},"5":{"name":"(anonymous_5)","line":96,"loc":{"start":{"line":96,"column":8},"end":{"line":96,"column":28}}},"6":{"name":"(anonymous_6)","line":100,"loc":{"start":{"line":100,"column":17},"end":{"line":100,"column":29}}}},"statementMap":{"1":{"start":{"line":3,"column":0},"end":{"line":5,"column":3}},"2":{"start":{"line":7,"column":0},"end":{"line":7,"column":32}},"3":{"start":{"line":9,"column":0},"end":{"line":9,"column":46}},"4":{"start":{"line":11,"column":0},"end":{"line":11,"column":34}},"5":{"start":{"line":13,"column":0},"end":{"line":13,"column":49}},"6":{"start":{"line":15,"column":0},"end":{"line":15,"column":32}},"7":{"start":{"line":17,"column":0},"end":{"line":17,"column":47}},"8":{"start":{"line":19,"column":0},"end":{"line":19,"column":41}},"9":{"start":{"line":21,"column":0},"end":{"line":21,"column":55}},"10":{"start":{"line":23,"column":0},"end":{"line":23,"column":49}},"11":{"start":{"line":25,"column":0},"end":{"line":25,"column":63}},"12":{"start":{"line":27,"column":0},"end":{"line":27,"column":26}},"13":{"start":{"line":29,"column":0},"end":{"line":29,"column":62}},"14":{"start":{"line":31,"column":0},"end":{"line":31,"column":63}},"15":{"start":{"line":33,"column":0},"end":{"line":33,"column":64}},"16":{"start":{"line":35,"column":0},"end":{"line":35,"column":65}},"17":{"start":{"line":37,"column":0},"end":{"line":37,"column":95}},"18":{"start":{"line":37,"column":39},"end":{"line":37,"column":93}},"19":{"start":{"line":39,"column":0},"end":{"line":39,"column":269}},"20":{"start":{"line":39,"column":40},"end":{"line":39,"column":267}},"21":{"start":{"line":39,"column":69},"end":{"line":39,"column":80}},"22":{"start":{"line":39,"column":90},"end":{"line":39,"column":106}},"23":{"start":{"line":39,"column":107},"end":{"line":39,"column":228}},"24":{"start":{"line":39,"column":126},"end":{"line":39,"column":226}},"25":{"start":{"line":39,"column":149},"end":{"line":39,"column":224}},"26":{"start":{"line":39,"column":201},"end":{"line":39,"column":224}},"27":{"start":{"line":39,"column":229},"end":{"line":39,"column":250}},"28":{"start":{"line":39,"column":251},"end":{"line":39,"column":265}},"29":{"start":{"line":41,"column":0},"end":{"line":41,"column":16}},"30":{"start":{"line":43,"column":0},"end":{"line":43,"column":35}},"31":{"start":{"line":45,"column":0},"end":{"line":45,"column":28}},"32":{"start":{"line":47,"column":0},"end":{"line":47,"column":44}},"33":{"start":{"line":49,"column":0},"end":{"line":49,"column":42}},"34":{"start":{"line":51,"column":0},"end":{"line":55,"column":3}},"35":{"start":{"line":52,"column":2},"end":{"line":52,"column":63}},"36":{"start":{"line":54,"column":2},"end":{"line":54,"column":59}},"37":{"start":{"line":57,"column":0},"end":{"line":57,"column":38}},"38":{"start":{"line":59,"column":0},"end":{"line":59,"column":61}},"39":{"start":{"line":61,"column":0},"end":{"line":61,"column":37}},"40":{"start":{"line":63,"column":0},"end":{"line":68,"column":4}},"41":{"start":{"line":72,"column":0},"end":{"line":72,"column":37}},"42":{"start":{"line":74,"column":0},"end":{"line":74,"column":42}},"43":{"start":{"line":76,"column":0},"end":{"line":76,"column":42}},"44":{"start":{"line":78,"column":0},"end":{"line":78,"column":42}},"45":{"start":{"line":82,"column":0},"end":{"line":82,"column":42}},"46":{"start":{"line":84,"column":0},"end":{"line":84,"column":47}},"47":{"start":{"line":86,"column":0},"end":{"line":86,"column":54}},"48":{"start":{"line":88,"column":0},"end":{"line":88,"column":59}},"49":{"start":{"line":90,"column":0},"end":{"line":90,"column":66}},"50":{"start":{"line":92,"column":0},"end":{"line":92,"column":56}},"51":{"start":{"line":94,"column":0},"end":{"line":94,"column":68}},"52":{"start":{"line":96,"column":0},"end":{"line":98,"column":3}},"53":{"start":{"line":97,"column":2},"end":{"line":97,"column":64}},"54":{"start":{"line":100,"column":0},"end":{"line":102,"column":3}},"55":{"start":{"line":101,"column":2},"end":{"line":101,"column":43}},"56":{"start":{"line":104,"column":0},"end":{"line":104,"column":22}}},"branchMap":{"1":{"line":37,"type":"cond-expr","locations":[{"start":{"line":37,"column":70},"end":{"line":37,"column":73}},{"start":{"line":37,"column":76},"end":{"line":37,"column":92}}]},"2":{"line":37,"type":"binary-expr","locations":[{"start":{"line":37,"column":46},"end":{"line":37,"column":49}},{"start":{"line":37,"column":53},"end":{"line":37,"column":67}}]},"3":{"line":39,"type":"if","locations":[{"start":{"line":39,"column":40},"end":{"line":39,"column":40}},{"start":{"line":39,"column":40},"end":{"line":39,"column":40}}]},"4":{"line":39,"type":"binary-expr","locations":[{"start":{"line":39,"column":44},"end":{"line":39,"column":47}},{"start":{"line":39,"column":51},"end":{"line":39,"column":65}}]},"5":{"line":39,"type":"if","locations":[{"start":{"line":39,"column":107},"end":{"line":39,"column":107}},{"start":{"line":39,"column":107},"end":{"line":39,"column":107}}]},"6":{"line":39,"type":"if","locations":[{"start":{"line":39,"column":149},"end":{"line":39,"column":149}},{"start":{"line":39,"column":149},"end":{"line":39,"column":149}}]}}},"/Users/andeladeveloper/Desktop/post-it/dist/controllers/userController.js":{"path":"/Users/andeladeveloper/Desktop/post-it/dist/controllers/userController.js","s":{"1":1,"2":1,"3":1,"4":1,"5":4,"6":4,"7":4,"8":4,"9":4,"10":4,"11":1,"12":1,"13":1,"14":1,"15":0,"16":1,"17":1,"18":1,"19":1,"20":1,"21":1,"22":1,"23":1,"24":0,"25":1,"26":1,"27":1,"28":1,"29":1,"30":0,"31":0,"32":0,"33":0,"34":0,"35":0,"36":0,"37":3,"38":3,"39":3,"40":3,"41":3,"42":1,"43":1,"44":1,"45":1,"46":1,"47":0,"48":0,"49":0,"50":0,"51":0,"52":1,"53":1},"b":{"1":[4,4],"2":[4,0],"3":[1,0],"4":[0,1],"5":[1,0],"6":[1,1],"7":[0,1],"8":[0,0],"9":[1,1]},"f":{"1":1,"2":1,"3":1,"4":1,"5":1,"6":1,"7":1,"8":0,"9":0,"10":0,"11":3,"12":3,"13":1,"14":0,"15":0,"16":0,"17":0,"18":0},"fnMap":{"1":{"name":"(anonymous_1)","line":7,"loc":{"start":{"line":7,"column":19},"end":{"line":7,"column":31}}},"2":{"name":"defineProperties","line":7,"loc":{"start":{"line":7,"column":33},"end":{"line":7,"column":74}}},"3":{"name":"(anonymous_3)","line":7,"loc":{"start":{"line":7,"column":357},"end":{"line":7,"column":405}}},"4":{"name":"_interopRequireDefault","line":15,"loc":{"start":{"line":15,"column":0},"end":{"line":15,"column":37}}},"5":{"name":"_classCallCheck","line":17,"loc":{"start":{"line":17,"column":0},"end":{"line":17,"column":48}}},"6":{"name":"(anonymous_6)","line":21,"loc":{"start":{"line":21,"column":18},"end":{"line":21,"column":30}}},"7":{"name":"UserActions","line":22,"loc":{"start":{"line":22,"column":2},"end":{"line":22,"column":25}}},"8":{"name":"signup","line":28,"loc":{"start":{"line":28,"column":11},"end":{"line":28,"column":37}}},"9":{"name":"(anonymous_9)","line":38,"loc":{"start":{"line":38,"column":49},"end":{"line":38,"column":61}}},"10":{"name":"(anonymous_10)","line":45,"loc":{"start":{"line":45,"column":21},"end":{"line":45,"column":36}}},"11":{"name":"signin","line":56,"loc":{"start":{"line":56,"column":11},"end":{"line":56,"column":37}}},"12":{"name":"(anonymous_12)","line":63,"loc":{"start":{"line":63,"column":14},"end":{"line":63,"column":30}}},"13":{"name":"(anonymous_13)","line":76,"loc":{"start":{"line":76,"column":15},"end":{"line":76,"column":30}}},"14":{"name":"isUnique","line":82,"loc":{"start":{"line":82,"column":11},"end":{"line":82,"column":39}}},"15":{"name":"(anonymous_15)","line":89,"loc":{"start":{"line":89,"column":14},"end":{"line":89,"column":30}}},"16":{"name":"allUsers","line":95,"loc":{"start":{"line":95,"column":11},"end":{"line":95,"column":39}}},"17":{"name":"(anonymous_17)","line":96,"loc":{"start":{"line":96,"column":36},"end":{"line":96,"column":52}}},"18":{"name":"(anonymous_18)","line":98,"loc":{"start":{"line":98,"column":15},"end":{"line":98,"column":30}}}},"statementMap":{"1":{"start":{"line":3,"column":0},"end":{"line":5,"column":3}},"2":{"start":{"line":7,"column":0},"end":{"line":7,"column":564}},"3":{"start":{"line":7,"column":33},"end":{"line":7,"column":349}},"4":{"start":{"line":7,"column":76},"end":{"line":7,"column":347}},"5":{"start":{"line":7,"column":117},"end":{"line":7,"column":143}},"6":{"start":{"line":7,"column":144},"end":{"line":7,"column":199}},"7":{"start":{"line":7,"column":200},"end":{"line":7,"column":231}},"8":{"start":{"line":7,"column":232},"end":{"line":7,"column":286}},"9":{"start":{"line":7,"column":259},"end":{"line":7,"column":286}},"10":{"start":{"line":7,"column":287},"end":{"line":7,"column":345}},"11":{"start":{"line":7,"column":350},"end":{"line":7,"column":559}},"12":{"start":{"line":7,"column":407},"end":{"line":7,"column":475}},"13":{"start":{"line":7,"column":423},"end":{"line":7,"column":475}},"14":{"start":{"line":7,"column":476},"end":{"line":7,"column":536}},"15":{"start":{"line":7,"column":493},"end":{"line":7,"column":536}},"16":{"start":{"line":7,"column":537},"end":{"line":7,"column":556}},"17":{"start":{"line":9,"column":0},"end":{"line":9,"column":42}},"18":{"start":{"line":11,"column":0},"end":{"line":11,"column":57}},"19":{"start":{"line":13,"column":0},"end":{"line":13,"column":57}},"20":{"start":{"line":15,"column":0},"end":{"line":15,"column":95}},"21":{"start":{"line":15,"column":39},"end":{"line":15,"column":93}},"22":{"start":{"line":17,"column":0},"end":{"line":17,"column":153}},"23":{"start":{"line":17,"column":50},"end":{"line":17,"column":151}},"24":{"start":{"line":17,"column":92},"end":{"line":17,"column":149}},"25":{"start":{"line":19,"column":0},"end":{"line":19,"column":43}},"26":{"start":{"line":21,"column":0},"end":{"line":105,"column":4}},"27":{"start":{"line":22,"column":2},"end":{"line":24,"column":3}},"28":{"start":{"line":23,"column":4},"end":{"line":23,"column":39}},"29":{"start":{"line":26,"column":2},"end":{"line":102,"column":6}},"30":{"start":{"line":29,"column":6},"end":{"line":31,"column":45}},"31":{"start":{"line":33,"column":6},"end":{"line":52,"column":7}},"32":{"start":{"line":34,"column":8},"end":{"line":34,"column":37}},"33":{"start":{"line":38,"column":8},"end":{"line":49,"column":11}},"34":{"start":{"line":39,"column":10},"end":{"line":48,"column":12}},"35":{"start":{"line":46,"column":14},"end":{"line":46,"column":64}},"36":{"start":{"line":51,"column":8},"end":{"line":51,"column":73}},"37":{"start":{"line":57,"column":6},"end":{"line":57,"column":47}},"38":{"start":{"line":59,"column":6},"end":{"line":78,"column":9}},"39":{"start":{"line":64,"column":8},"end":{"line":64,"column":40}},"40":{"start":{"line":66,"column":8},"end":{"line":66,"column":32}},"41":{"start":{"line":68,"column":8},"end":{"line":75,"column":9}},"42":{"start":{"line":69,"column":10},"end":{"line":69,"column":47}},"43":{"start":{"line":70,"column":10},"end":{"line":70,"column":42}},"44":{"start":{"line":72,"column":10},"end":{"line":72,"column":101}},"45":{"start":{"line":74,"column":10},"end":{"line":74,"column":82}},"46":{"start":{"line":77,"column":8},"end":{"line":77,"column":80}},"47":{"start":{"line":83,"column":6},"end":{"line":91,"column":9}},"48":{"start":{"line":90,"column":8},"end":{"line":90,"column":33}},"49":{"start":{"line":96,"column":6},"end":{"line":100,"column":9}},"50":{"start":{"line":97,"column":8},"end":{"line":97,"column":33}},"51":{"start":{"line":99,"column":8},"end":{"line":99,"column":64}},"52":{"start":{"line":104,"column":2},"end":{"line":104,"column":21}},"53":{"start":{"line":107,"column":0},"end":{"line":107,"column":30}}},"branchMap":{"1":{"line":7,"type":"binary-expr","locations":[{"start":{"line":7,"column":168},"end":{"line":7,"column":189}},{"start":{"line":7,"column":193},"end":{"line":7,"column":198}}]},"2":{"line":7,"type":"if","locations":[{"start":{"line":7,"column":232},"end":{"line":7,"column":232}},{"start":{"line":7,"column":232},"end":{"line":7,"column":232}}]},"3":{"line":7,"type":"if","locations":[{"start":{"line":7,"column":407},"end":{"line":7,"column":407}},{"start":{"line":7,"column":407},"end":{"line":7,"column":407}}]},"4":{"line":7,"type":"if","locations":[{"start":{"line":7,"column":476},"end":{"line":7,"column":476}},{"start":{"line":7,"column":476},"end":{"line":7,"column":476}}]},"5":{"line":15,"type":"cond-expr","locations":[{"start":{"line":15,"column":70},"end":{"line":15,"column":73}},{"start":{"line":15,"column":76},"end":{"line":15,"column":92}}]},"6":{"line":15,"type":"binary-expr","locations":[{"start":{"line":15,"column":46},"end":{"line":15,"column":49}},{"start":{"line":15,"column":53},"end":{"line":15,"column":67}}]},"7":{"line":17,"type":"if","locations":[{"start":{"line":17,"column":50},"end":{"line":17,"column":50}},{"start":{"line":17,"column":50},"end":{"line":17,"column":50}}]},"8":{"line":33,"type":"if","locations":[{"start":{"line":33,"column":6},"end":{"line":33,"column":6}},{"start":{"line":33,"column":6},"end":{"line":33,"column":6}}]},"9":{"line":68,"type":"if","locations":[{"start":{"line":68,"column":8},"end":{"line":68,"column":8}},{"start":{"line":68,"column":8},"end":{"line":68,"column":8}}]}}},"/Users/andeladeveloper/Desktop/post-it/dist/controllers/groupController.js":{"path":"/Users/andeladeveloper/Desktop/post-it/dist/controllers/groupController.js","s":{"1":1,"2":1,"3":1,"4":2,"5":10,"6":10,"7":10,"8":10,"9":10,"10":10,"11":1,"12":1,"13":1,"14":1,"15":1,"16":1,"17":1,"18":1,"19":1,"20":0,"21":1,"22":1,"23":1,"24":1,"25":1,"26":1,"27":0,"28":0,"29":2,"30":2,"31":1,"32":1,"33":0,"34":0,"35":1,"36":1,"37":2,"38":2,"39":1,"40":1,"41":0,"42":1,"43":1,"44":0,"45":0,"46":1,"47":1,"48":2,"49":2,"50":1,"51":1,"52":0,"53":0,"54":1,"55":1,"56":2,"57":2,"58":1,"59":1,"60":1,"61":1,"62":0,"63":0,"64":1,"65":0,"66":0,"67":0,"68":0,"69":0,"70":1,"71":1,"72":1,"73":1,"74":1,"75":0,"76":0,"77":0,"78":0,"79":0,"80":0,"81":0,"82":0,"83":0,"84":0,"85":0,"86":0,"87":1,"88":1,"89":1,"90":1,"91":1},"b":{"1":[10,10],"2":[10,0],"3":[1,0],"4":[1,0],"5":[0,1],"6":[0,0],"7":[1,1],"8":[1,1],"9":[0,1],"10":[1,1],"11":[1,1]},"f":{"1":1,"2":2,"3":1,"4":1,"5":1,"6":1,"7":0,"8":2,"9":1,"10":0,"11":2,"12":1,"13":0,"14":2,"15":1,"16":0,"17":2,"18":1,"19":0,"20":0,"21":0,"22":0,"23":1,"24":1,"25":0,"26":0,"27":0,"28":0,"29":0,"30":0,"31":1,"32":1},"fnMap":{"1":{"name":"(anonymous_1)","line":7,"loc":{"start":{"line":7,"column":19},"end":{"line":7,"column":31}}},"2":{"name":"defineProperties","line":7,"loc":{"start":{"line":7,"column":33},"end":{"line":7,"column":74}}},"3":{"name":"(anonymous_3)","line":7,"loc":{"start":{"line":7,"column":357},"end":{"line":7,"column":405}}},"4":{"name":"_classCallCheck","line":11,"loc":{"start":{"line":11,"column":0},"end":{"line":11,"column":48}}},"5":{"name":"(anonymous_5)","line":13,"loc":{"start":{"line":13,"column":19},"end":{"line":13,"column":31}}},"6":{"name":"GroupActions","line":14,"loc":{"start":{"line":14,"column":2},"end":{"line":14,"column":26}}},"7":{"name":"sendError","line":23,"loc":{"start":{"line":23,"column":11},"end":{"line":23,"column":35}}},"8":{"name":"createGroup","line":30,"loc":{"start":{"line":30,"column":11},"end":{"line":30,"column":42}}},"9":{"name":"(anonymous_9)","line":34,"loc":{"start":{"line":34,"column":50},"end":{"line":34,"column":62}}},"10":{"name":"(anonymous_10)","line":39,"loc":{"start":{"line":39,"column":19},"end":{"line":39,"column":34}}},"11":{"name":"addUserToGroup","line":53,"loc":{"start":{"line":53,"column":11},"end":{"line":53,"column":45}}},"12":{"name":"(anonymous_12)","line":63,"loc":{"start":{"line":63,"column":57},"end":{"line":63,"column":69}}},"13":{"name":"(anonymous_13)","line":67,"loc":{"start":{"line":67,"column":21},"end":{"line":67,"column":36}}},"14":{"name":"postMessageToGroup","line":81,"loc":{"start":{"line":81,"column":11},"end":{"line":81,"column":49}}},"15":{"name":"(anonymous_15)","line":85,"loc":{"start":{"line":85,"column":49},"end":{"line":85,"column":61}}},"16":{"name":"(anonymous_16)","line":89,"loc":{"start":{"line":89,"column":19},"end":{"line":89,"column":34}}},"17":{"name":"getPosts","line":103,"loc":{"start":{"line":103,"column":11},"end":{"line":103,"column":39}}},"18":{"name":"(anonymous_18)","line":111,"loc":{"start":{"line":111,"column":16},"end":{"line":111,"column":33}}},"19":{"name":"(anonymous_19)","line":115,"loc":{"start":{"line":115,"column":17},"end":{"line":115,"column":32}}},"20":{"name":"checkGroups","line":125,"loc":{"start":{"line":125,"column":11},"end":{"line":125,"column":42}}},"21":{"name":"(anonymous_21)","line":132,"loc":{"start":{"line":132,"column":14},"end":{"line":132,"column":31}}},"22":{"name":"(anonymous_22)","line":134,"loc":{"start":{"line":134,"column":15},"end":{"line":134,"column":30}}},"23":{"name":"getUserGroups","line":141,"loc":{"start":{"line":141,"column":11},"end":{"line":141,"column":44}}},"24":{"name":"(anonymous_24)","line":148,"loc":{"start":{"line":148,"column":14},"end":{"line":148,"column":32}}},"25":{"name":"(anonymous_25)","line":152,"loc":{"start":{"line":152,"column":15},"end":{"line":152,"column":30}}},"26":{"name":"getNumberOfGroups","line":160,"loc":{"start":{"line":160,"column":11},"end":{"line":160,"column":48}}},"27":{"name":"(anonymous_27)","line":170,"loc":{"start":{"line":170,"column":14},"end":{"line":170,"column":33}}},"28":{"name":"(anonymous_28)","line":174,"loc":{"start":{"line":174,"column":15},"end":{"line":174,"column":30}}},"29":{"name":"checkUserisUnique","line":182,"loc":{"start":{"line":182,"column":11},"end":{"line":182,"column":52}}},"30":{"name":"(anonymous_30)","line":190,"loc":{"start":{"line":190,"column":14},"end":{"line":190,"column":30}}},"31":{"name":"checkUserisUnique","line":196,"loc":{"start":{"line":196,"column":11},"end":{"line":196,"column":52}}},"32":{"name":"(anonymous_32)","line":204,"loc":{"start":{"line":204,"column":14},"end":{"line":204,"column":30}}}},"statementMap":{"1":{"start":{"line":3,"column":0},"end":{"line":5,"column":3}},"2":{"start":{"line":7,"column":0},"end":{"line":7,"column":564}},"3":{"start":{"line":7,"column":33},"end":{"line":7,"column":349}},"4":{"start":{"line":7,"column":76},"end":{"line":7,"column":347}},"5":{"start":{"line":7,"column":117},"end":{"line":7,"column":143}},"6":{"start":{"line":7,"column":144},"end":{"line":7,"column":199}},"7":{"start":{"line":7,"column":200},"end":{"line":7,"column":231}},"8":{"start":{"line":7,"column":232},"end":{"line":7,"column":286}},"9":{"start":{"line":7,"column":259},"end":{"line":7,"column":286}},"10":{"start":{"line":7,"column":287},"end":{"line":7,"column":345}},"11":{"start":{"line":7,"column":350},"end":{"line":7,"column":559}},"12":{"start":{"line":7,"column":407},"end":{"line":7,"column":475}},"13":{"start":{"line":7,"column":423},"end":{"line":7,"column":475}},"14":{"start":{"line":7,"column":476},"end":{"line":7,"column":536}},"15":{"start":{"line":7,"column":493},"end":{"line":7,"column":536}},"16":{"start":{"line":7,"column":537},"end":{"line":7,"column":556}},"17":{"start":{"line":9,"column":0},"end":{"line":9,"column":42}},"18":{"start":{"line":11,"column":0},"end":{"line":11,"column":153}},"19":{"start":{"line":11,"column":50},"end":{"line":11,"column":151}},"20":{"start":{"line":11,"column":92},"end":{"line":11,"column":149}},"21":{"start":{"line":13,"column":0},"end":{"line":211,"column":4}},"22":{"start":{"line":14,"column":2},"end":{"line":19,"column":3}},"23":{"start":{"line":15,"column":4},"end":{"line":15,"column":40}},"24":{"start":{"line":17,"column":4},"end":{"line":17,"column":20}},"25":{"start":{"line":18,"column":4},"end":{"line":18,"column":29}},"26":{"start":{"line":21,"column":2},"end":{"line":208,"column":6}},"27":{"start":{"line":24,"column":6},"end":{"line":26,"column":7}},"28":{"start":{"line":25,"column":8},"end":{"line":25,"column":66}},"29":{"start":{"line":31,"column":6},"end":{"line":31,"column":23}},"30":{"start":{"line":33,"column":6},"end":{"line":49,"column":7}},"31":{"start":{"line":34,"column":8},"end":{"line":44,"column":11}},"32":{"start":{"line":35,"column":10},"end":{"line":43,"column":13}},"33":{"start":{"line":40,"column":12},"end":{"line":40,"column":30}},"34":{"start":{"line":41,"column":12},"end":{"line":41,"column":33}},"35":{"start":{"line":46,"column":8},"end":{"line":46,"column":71}},"36":{"start":{"line":48,"column":8},"end":{"line":48,"column":72}},"37":{"start":{"line":54,"column":6},"end":{"line":54,"column":24}},"38":{"start":{"line":56,"column":6},"end":{"line":77,"column":7}},"39":{"start":{"line":58,"column":8},"end":{"line":58,"column":78}},"40":{"start":{"line":60,"column":8},"end":{"line":74,"column":9}},"41":{"start":{"line":61,"column":10},"end":{"line":61,"column":103}},"42":{"start":{"line":63,"column":10},"end":{"line":71,"column":13}},"43":{"start":{"line":64,"column":12},"end":{"line":70,"column":15}},"44":{"start":{"line":68,"column":14},"end":{"line":68,"column":33}},"45":{"start":{"line":69,"column":14},"end":{"line":69,"column":36}},"46":{"start":{"line":73,"column":10},"end":{"line":73,"column":55}},"47":{"start":{"line":76,"column":8},"end":{"line":76,"column":72}},"48":{"start":{"line":82,"column":6},"end":{"line":82,"column":24}},"49":{"start":{"line":84,"column":6},"end":{"line":99,"column":7}},"50":{"start":{"line":85,"column":8},"end":{"line":94,"column":11}},"51":{"start":{"line":86,"column":10},"end":{"line":93,"column":13}},"52":{"start":{"line":90,"column":12},"end":{"line":90,"column":31}},"53":{"start":{"line":91,"column":12},"end":{"line":91,"column":34}},"54":{"start":{"line":96,"column":8},"end":{"line":96,"column":57}},"55":{"start":{"line":98,"column":8},"end":{"line":98,"column":72}},"56":{"start":{"line":104,"column":6},"end":{"line":104,"column":24}},"57":{"start":{"line":106,"column":6},"end":{"line":121,"column":7}},"58":{"start":{"line":107,"column":8},"end":{"line":118,"column":11}},"59":{"start":{"line":112,"column":10},"end":{"line":112,"column":43}},"60":{"start":{"line":113,"column":10},"end":{"line":113,"column":34}},"61":{"start":{"line":114,"column":10},"end":{"line":114,"column":36}},"62":{"start":{"line":116,"column":10},"end":{"line":116,"column":29}},"63":{"start":{"line":117,"column":10},"end":{"line":117,"column":32}},"64":{"start":{"line":120,"column":8},"end":{"line":120,"column":72}},"65":{"start":{"line":126,"column":6},"end":{"line":126,"column":24}},"66":{"start":{"line":128,"column":6},"end":{"line":137,"column":9}},"67":{"start":{"line":133,"column":8},"end":{"line":133,"column":35}},"68":{"start":{"line":135,"column":8},"end":{"line":135,"column":27}},"69":{"start":{"line":136,"column":8},"end":{"line":136,"column":30}},"70":{"start":{"line":142,"column":6},"end":{"line":142,"column":24}},"71":{"start":{"line":144,"column":6},"end":{"line":156,"column":9}},"72":{"start":{"line":149,"column":8},"end":{"line":149,"column":42}},"73":{"start":{"line":150,"column":8},"end":{"line":150,"column":32}},"74":{"start":{"line":151,"column":8},"end":{"line":151,"column":23}},"75":{"start":{"line":153,"column":8},"end":{"line":153,"column":27}},"76":{"start":{"line":154,"column":8},"end":{"line":154,"column":30}},"77":{"start":{"line":161,"column":6},"end":{"line":161,"column":24}},"78":{"start":{"line":163,"column":6},"end":{"line":178,"column":9}},"79":{"start":{"line":171,"column":8},"end":{"line":171,"column":43}},"80":{"start":{"line":172,"column":8},"end":{"line":172,"column":32}},"81":{"start":{"line":173,"column":8},"end":{"line":173,"column":23}},"82":{"start":{"line":175,"column":8},"end":{"line":175,"column":27}},"83":{"start":{"line":176,"column":8},"end":{"line":176,"column":30}},"84":{"start":{"line":183,"column":6},"end":{"line":183,"column":24}},"85":{"start":{"line":185,"column":6},"end":{"line":192,"column":9}},"86":{"start":{"line":191,"column":8},"end":{"line":191,"column":38}},"87":{"start":{"line":197,"column":6},"end":{"line":197,"column":24}},"88":{"start":{"line":199,"column":6},"end":{"line":206,"column":9}},"89":{"start":{"line":205,"column":8},"end":{"line":205,"column":38}},"90":{"start":{"line":210,"column":2},"end":{"line":210,"column":22}},"91":{"start":{"line":213,"column":0},"end":{"line":213,"column":31}}},"branchMap":{"1":{"line":7,"type":"binary-expr","locations":[{"start":{"line":7,"column":168},"end":{"line":7,"column":189}},{"start":{"line":7,"column":193},"end":{"line":7,"column":198}}]},"2":{"line":7,"type":"if","locations":[{"start":{"line":7,"column":232},"end":{"line":7,"column":232}},{"start":{"line":7,"column":232},"end":{"line":7,"column":232}}]},"3":{"line":7,"type":"if","locations":[{"start":{"line":7,"column":407},"end":{"line":7,"column":407}},{"start":{"line":7,"column":407},"end":{"line":7,"column":407}}]},"4":{"line":7,"type":"if","locations":[{"start":{"line":7,"column":476},"end":{"line":7,"column":476}},{"start":{"line":7,"column":476},"end":{"line":7,"column":476}}]},"5":{"line":11,"type":"if","locations":[{"start":{"line":11,"column":50},"end":{"line":11,"column":50}},{"start":{"line":11,"column":50},"end":{"line":11,"column":50}}]},"6":{"line":24,"type":"if","locations":[{"start":{"line":24,"column":6},"end":{"line":24,"column":6}},{"start":{"line":24,"column":6},"end":{"line":24,"column":6}}]},"7":{"line":33,"type":"if","locations":[{"start":{"line":33,"column":6},"end":{"line":33,"column":6}},{"start":{"line":33,"column":6},"end":{"line":33,"column":6}}]},"8":{"line":56,"type":"if","locations":[{"start":{"line":56,"column":6},"end":{"line":56,"column":6}},{"start":{"line":56,"column":6},"end":{"line":56,"column":6}}]},"9":{"line":60,"type":"if","locations":[{"start":{"line":60,"column":8},"end":{"line":60,"column":8}},{"start":{"line":60,"column":8},"end":{"line":60,"column":8}}]},"10":{"line":84,"type":"if","locations":[{"start":{"line":84,"column":6},"end":{"line":84,"column":6}},{"start":{"line":84,"column":6},"end":{"line":84,"column":6}}]},"11":{"line":106,"type":"if","locations":[{"start":{"line":106,"column":6},"end":{"line":106,"column":6}},{"start":{"line":106,"column":6},"end":{"line":106,"column":6}}]}}}}