TN:
SF:C:\Users\MKO\Desktop\post-it\dist\models\models.js
FN:18,_interopRequireDefault
FN:133,(anonymous_2)
FN:140,(anonymous_3)
FN:145,(anonymous_4)
FN:150,(anonymous_5)
FNF:5
FNH:5
FNDA:2,_interopRequireDefault
FNDA:2,(anonymous_2)
FNDA:2,(anonymous_3)
FNDA:1,(anonymous_4)
FNDA:1,(anonymous_5)
DA:3,1
DA:6,1
DA:8,1
DA:10,1
DA:12,1
DA:14,1
DA:16,1
DA:18,2
DA:24,1
DA:77,1
DA:95,1
DA:111,1
DA:125,1
DA:129,1
DA:133,1
DA:135,2
DA:140,1
DA:142,2
DA:145,1
DA:147,1
DA:150,1
DA:152,1
DA:157,1
DA:158,1
DA:159,1
DA:160,1
DA:161,1
LF:27
LH:27
BRDA:18,1,0,0
BRDA:18,1,1,2
BRDA:18,2,0,2
BRDA:18,2,1,2
BRF:4
BRH:3
end_of_record
TN:
SF:C:\Users\MKO\Desktop\post-it\dist\db.js
FN:20,_interopRequireWildcard
FN:22,_interopRequireDefault
FN:31,(anonymous_3)
FN:36,(anonymous_4)
FNF:4
FNH:2
FNDA:1,_interopRequireWildcard
FNDA:2,_interopRequireDefault
FNDA:0,(anonymous_3)
FNDA:0,(anonymous_4)
DA:3,1
DA:6,1
DA:8,1
DA:10,1
DA:12,1
DA:14,1
DA:16,1
DA:18,1
DA:20,3
DA:22,2
DA:24,1
DA:26,1
DA:28,1
DA:29,0
DA:31,0
DA:32,0
DA:34,0
DA:36,0
DA:37,0
DA:42,1
LF:20
LH:14
BRDA:20,1,0,0
BRDA:20,1,1,1
BRDA:20,2,0,1
BRDA:20,2,1,1
BRDA:20,3,0,1
BRDA:20,3,1,0
BRDA:20,4,0,3
BRDA:20,4,1,0
BRDA:22,5,0,0
BRDA:22,5,1,2
BRDA:22,6,0,2
BRDA:22,6,1,2
BRDA:28,7,0,0
BRDA:28,7,1,1
BRDA:32,8,0,0
BRDA:32,8,1,0
BRF:16
BRH:9
end_of_record
TN:
SF:C:\Users\MKO\Desktop\post-it\dist\app.js
FN:41,_interopRequireDefault
FN:43,_interopRequireWildcard
FN:55,(anonymous_3)
FN:57,(anonymous_4)
FN:101,(anonymous_5)
FN:105,(anonymous_6)
FNF:6
FNH:4
FNDA:7,_interopRequireDefault
FNDA:1,_interopRequireWildcard
FNDA:1,(anonymous_3)
FNDA:0,(anonymous_4)
FNDA:0,(anonymous_5)
FNDA:1,(anonymous_6)
DA:3,1
DA:7,1
DA:9,1
DA:11,1
DA:13,1
DA:15,1
DA:17,1
DA:19,1
DA:21,1
DA:23,1
DA:25,1
DA:27,1
DA:29,1
DA:31,1
DA:33,1
DA:35,1
DA:37,1
DA:39,1
DA:41,7
DA:43,3
DA:45,1
DA:47,1
DA:49,1
DA:51,1
DA:53,1
DA:55,1
DA:56,1
DA:58,0
DA:61,1
DA:63,1
DA:65,1
DA:67,1
DA:76,1
DA:78,1
DA:80,1
DA:82,1
DA:86,1
DA:88,1
DA:90,1
DA:92,1
DA:94,1
DA:96,1
DA:98,1
DA:101,1
DA:102,0
DA:105,1
DA:106,1
DA:109,1
LF:48
LH:46
BRDA:41,1,0,2
BRDA:41,1,1,5
BRDA:41,2,0,7
BRDA:41,2,1,7
BRDA:43,3,0,0
BRDA:43,3,1,1
BRDA:43,4,0,1
BRDA:43,4,1,1
BRDA:43,5,0,1
BRDA:43,5,1,0
BRDA:43,6,0,3
BRDA:43,6,1,0
BRF:12
BRH:9
end_of_record
TN:
SF:C:\Users\MKO\Desktop\post-it\dist\controllers\userController.js
FN:7,(anonymous_1)
FN:7,defineProperties
FN:7,(anonymous_3)
FN:17,_interopRequireDefault
FN:19,_classCallCheck
FN:23,(anonymous_6)
FN:24,UserActions
FN:30,signup
FN:40,(anonymous_9)
FN:47,(anonymous_10)
FN:59,signin
FN:66,(anonymous_12)
FN:80,(anonymous_13)
FN:87,isUnique
FN:94,(anonymous_15)
FN:100,allUsers
FN:101,(anonymous_17)
FN:103,(anonymous_18)
FNF:18
FNH:9
FNDA:1,(anonymous_1)
FNDA:1,defineProperties
FNDA:1,(anonymous_3)
FNDA:1,_interopRequireDefault
FNDA:1,_classCallCheck
FNDA:1,(anonymous_6)
FNDA:1,UserActions
FNDA:0,signup
FNDA:0,(anonymous_9)
FNDA:0,(anonymous_10)
FNDA:1,signin
FNDA:1,(anonymous_12)
FNDA:0,(anonymous_13)
FNDA:0,isUnique
FNDA:0,(anonymous_15)
FNDA:0,allUsers
FNDA:0,(anonymous_17)
FNDA:0,(anonymous_18)
DA:3,1
DA:7,4
DA:9,1
DA:11,1
DA:13,1
DA:15,1
DA:17,1
DA:19,1
DA:21,1
DA:23,1
DA:24,1
DA:25,1
DA:28,1
DA:31,0
DA:35,0
DA:36,0
DA:40,0
DA:41,0
DA:48,0
DA:49,0
DA:54,0
DA:60,1
DA:62,1
DA:67,1
DA:69,1
DA:71,1
DA:72,1
DA:73,1
DA:74,1
DA:76,1
DA:78,0
DA:81,0
DA:82,0
DA:88,0
DA:95,0
DA:101,0
DA:102,0
DA:104,0
DA:105,0
DA:110,1
DA:113,1
LF:41
LH:24
BRDA:7,1,0,4
BRDA:7,1,1,4
BRDA:7,2,0,4
BRDA:7,2,1,0
BRDA:7,3,0,1
BRDA:7,3,1,0
BRDA:7,4,0,0
BRDA:7,4,1,1
BRDA:17,5,0,1
BRDA:17,5,1,0
BRDA:17,6,0,1
BRDA:17,6,1,1
BRDA:19,7,0,0
BRDA:19,7,1,1
BRDA:35,8,0,0
BRDA:35,8,1,0
BRDA:71,9,0,1
BRDA:71,9,1,0
BRF:18
BRH:10
end_of_record
TN:
SF:C:\Users\MKO\Desktop\post-it\dist\middlewares\validations.js
FN:7,(anonymous_1)
FN:7,defineProperties
FN:7,(anonymous_3)
FN:17,_interopRequireDefault
FN:19,_classCallCheck
FN:21,(anonymous_6)
FN:22,Validations
FN:28,signup
FN:63,signin
FN:82,createGroupInput
FN:97,username
FNF:11
FNH:7
FNDA:1,(anonymous_1)
FNDA:1,defineProperties
FNDA:1,(anonymous_3)
FNDA:2,_interopRequireDefault
FNDA:1,_classCallCheck
FNDA:1,(anonymous_6)
FNDA:1,Validations
FNDA:0,signup
FNDA:0,signin
FNDA:0,createGroupInput
FNDA:0,username
DA:3,1
DA:7,4
DA:9,1
DA:11,1
DA:13,1
DA:15,1
DA:17,2
DA:19,1
DA:21,1
DA:22,1
DA:23,1
DA:26,1
DA:29,0
DA:31,0
DA:32,0
DA:35,0
DA:36,0
DA:39,0
DA:40,0
DA:43,0
DA:44,0
DA:47,0
DA:48,0
DA:51,0
DA:52,0
DA:55,0
DA:64,0
DA:66,0
DA:67,0
DA:70,0
DA:71,0
DA:74,0
DA:83,0
DA:85,0
DA:86,0
DA:89,0
DA:98,0
DA:100,0
DA:101,0
DA:104,0
DA:112,1
DA:115,1
LF:42
LH:14
BRDA:7,1,0,4
BRDA:7,1,1,4
BRDA:7,2,0,4
BRDA:7,2,1,0
BRDA:7,3,0,1
BRDA:7,3,1,0
BRDA:7,4,0,0
BRDA:7,4,1,1
BRDA:17,5,0,0
BRDA:17,5,1,2
BRDA:17,6,0,2
BRDA:17,6,1,2
BRDA:19,7,0,0
BRDA:19,7,1,1
BRDA:31,8,0,0
BRDA:31,8,1,0
BRDA:31,9,0,0
BRDA:31,9,1,0
BRDA:35,10,0,0
BRDA:35,10,1,0
BRDA:35,11,0,0
BRDA:35,11,1,0
BRDA:39,12,0,0
BRDA:39,12,1,0
BRDA:43,13,0,0
BRDA:43,13,1,0
BRDA:43,14,0,0
BRDA:43,14,1,0
BRDA:47,15,0,0
BRDA:47,15,1,0
BRDA:47,16,0,0
BRDA:47,16,1,0
BRDA:51,17,0,0
BRDA:51,17,1,0
BRDA:66,18,0,0
BRDA:66,18,1,0
BRDA:66,19,0,0
BRDA:66,19,1,0
BRDA:70,20,0,0
BRDA:70,20,1,0
BRDA:70,21,0,0
BRDA:70,21,1,0
BRDA:85,22,0,0
BRDA:85,22,1,0
BRDA:85,23,0,0
BRDA:85,23,1,0
BRDA:100,24,0,0
BRDA:100,24,1,0
BRDA:100,25,0,0
BRDA:100,25,1,0
BRF:50
BRH:9
end_of_record
TN:
SF:C:\Users\MKO\Desktop\post-it\dist\controllers\groupController.js
FN:7,(anonymous_1)
FN:7,defineProperties
FN:7,(anonymous_3)
FN:13,_classCallCheck
FN:15,(anonymous_5)
FN:16,GroupActions
FN:25,createGroup
FN:27,(anonymous_8)
FN:32,(anonymous_9)
FN:44,addUserToGroup
FN:51,(anonymous_11)
FN:55,(anonymous_12)
FN:59,(anonymous_13)
FN:67,(anonymous_14)
FN:68,(anonymous_15)
FN:72,(anonymous_16)
FN:85,postMessageToGroup
FN:87,(anonymous_18)
FN:91,(anonymous_19)
FN:104,getPosts
FN:110,(anonymous_21)
FN:114,(anonymous_22)
FN:123,checkGroups
FN:128,(anonymous_24)
FN:134,getUserGroups
FN:139,(anonymous_26)
FN:143,(anonymous_27)
FN:149,getNumberOfGroups
FN:157,(anonymous_29)
FNF:29
FNH:18
FNDA:1,(anonymous_1)
FNDA:1,defineProperties
FNDA:1,(anonymous_3)
FNDA:1,_classCallCheck
FNDA:1,(anonymous_5)
FNDA:1,GroupActions
FNDA:2,createGroup
FNDA:1,(anonymous_8)
FNDA:0,(anonymous_9)
FNDA:2,addUserToGroup
FNDA:1,(anonymous_11)
FNDA:1,(anonymous_12)
FNDA:0,(anonymous_13)
FNDA:0,(anonymous_14)
FNDA:0,(anonymous_15)
FNDA:0,(anonymous_16)
FNDA:2,postMessageToGroup
FNDA:1,(anonymous_18)
FNDA:1,(anonymous_19)
FNDA:2,getPosts
FNDA:1,(anonymous_21)
FNDA:0,(anonymous_22)
FNDA:0,checkGroups
FNDA:0,(anonymous_24)
FNDA:1,getUserGroups
FNDA:1,(anonymous_26)
FNDA:0,(anonymous_27)
FNDA:0,getNumberOfGroups
FNDA:0,(anonymous_29)
DA:3,1
DA:7,7
DA:9,1
DA:11,1
DA:13,1
DA:15,1
DA:16,1
DA:17,1
DA:20,1
DA:26,2
DA:27,1
DA:28,1
DA:33,0
DA:37,1
DA:39,1
DA:45,2
DA:46,1
DA:52,1
DA:53,0
DA:55,1
DA:56,1
DA:60,0
DA:61,0
DA:65,1
DA:68,0
DA:69,0
DA:73,0
DA:74,0
DA:77,0
DA:80,1
DA:86,2
DA:87,1
DA:88,1
DA:92,1
DA:93,1
DA:97,1
DA:99,1
DA:105,2
DA:106,1
DA:111,1
DA:112,1
DA:113,1
DA:115,0
DA:118,1
DA:124,0
DA:129,0
DA:135,1
DA:140,1
DA:141,1
DA:142,1
DA:144,0
DA:150,0
DA:158,0
DA:159,0
DA:160,0
DA:161,0
DA:166,1
DA:169,1
LF:58
LH:40
BRDA:7,1,0,7
BRDA:7,1,1,7
BRDA:7,2,0,7
BRDA:7,2,1,0
BRDA:7,3,0,1
BRDA:7,3,1,0
BRDA:7,4,0,0
BRDA:7,4,1,1
BRDA:13,5,0,0
BRDA:13,5,1,1
BRDA:26,6,0,1
BRDA:26,6,1,1
BRDA:45,7,0,1
BRDA:45,7,1,1
BRDA:52,8,0,0
BRDA:52,8,1,1
BRDA:86,9,0,1
BRDA:86,9,1,1
BRDA:105,10,0,1
BRDA:105,10,1,1
BRF:20
BRH:15
end_of_record
