TN:
SF:/Users/andeladeveloper/Desktop/post-it/dist/middlewares/validations.js
FN:7,(anonymous_1)
FN:7,defineProperties
FN:7,(anonymous_3)
FN:17,_interopRequireDefault
FN:19,_classCallCheck
FN:21,(anonymous_6)
FN:22,Validations
FN:28,signup
FN:63,signin
FN:82,createGroupInput
FN:97,username
FNF:11
FNH:8
FNDA:1,(anonymous_1)
FNDA:1,defineProperties
FNDA:1,(anonymous_3)
FNDA:2,_interopRequireDefault
FNDA:6,_classCallCheck
FNDA:1,(anonymous_6)
FNDA:6,Validations
FNDA:5,signup
FNDA:0,signin
FNDA:0,createGroupInput
FNDA:0,username
DA:3,1
DA:7,4
DA:9,1
DA:11,1
DA:13,1
DA:15,1
DA:17,2
DA:19,6
DA:21,1
DA:22,1
DA:23,6
DA:26,1
DA:29,5
DA:31,5
DA:32,2
DA:35,5
DA:36,2
DA:39,5
DA:40,5
DA:43,5
DA:44,2
DA:47,5
DA:48,1
DA:51,5
DA:52,4
DA:55,5
DA:64,0
DA:66,0
DA:67,0
DA:70,0
DA:71,0
DA:74,0
DA:83,0
DA:85,0
DA:86,0
DA:89,0
DA:98,0
DA:100,0
DA:101,0
DA:104,0
DA:112,1
DA:115,1
LF:42
LH:28
BRDA:7,1,0,4
BRDA:7,1,1,4
BRDA:7,2,0,4
BRDA:7,2,1,0
BRDA:7,3,0,1
BRDA:7,3,1,0
BRDA:7,4,0,0
BRDA:7,4,1,1
BRDA:17,5,0,0
BRDA:17,5,1,2
BRDA:17,6,0,2
BRDA:17,6,1,2
BRDA:19,7,0,0
BRDA:19,7,1,6
BRDA:31,8,0,2
BRDA:31,8,1,3
BRDA:31,9,0,5
BRDA:31,9,1,5
BRDA:35,10,0,2
BRDA:35,10,1,3
BRDA:35,11,0,5
BRDA:35,11,1,5
BRDA:39,12,0,5
BRDA:39,12,1,0
BRDA:39,13,0,5
BRDA:39,13,1,0
BRDA:39,13,2,0
BRDA:43,14,0,2
BRDA:43,14,1,3
BRDA:43,15,0,5
BRDA:43,15,1,5
BRDA:47,16,0,1
BRDA:47,16,1,4
BRDA:47,17,0,5
BRDA:47,17,1,5
BRDA:51,18,0,4
BRDA:51,18,1,1
BRDA:66,19,0,0
BRDA:66,19,1,0
BRDA:66,20,0,0
BRDA:66,20,1,0
BRDA:70,21,0,0
BRDA:70,21,1,0
BRDA:70,22,0,0
BRDA:70,22,1,0
BRDA:85,23,0,0
BRDA:85,23,1,0
BRDA:85,24,0,0
BRDA:85,24,1,0
BRDA:100,25,0,0
BRDA:100,25,1,0
BRDA:100,26,0,0
BRDA:100,26,1,0
BRF:53
BRH:29
end_of_record
TN:
SF:/Users/andeladeveloper/Desktop/post-it/dist/models/models.js
FN:18,_interopRequireDefault
FN:139,(anonymous_2)
FN:149,(anonymous_3)
FN:153,(anonymous_4)
FNF:4
FNH:4
FNDA:2,_interopRequireDefault
FNDA:2,(anonymous_2)
FNDA:1,(anonymous_3)
FNDA:2,(anonymous_4)
DA:3,1
DA:6,1
DA:8,1
DA:10,1
DA:12,1
DA:14,1
DA:16,1
DA:18,2
DA:24,1
DA:77,1
DA:95,1
DA:111,1
DA:130,1
DA:139,1
DA:140,2
DA:149,1
DA:150,1
DA:153,1
DA:154,2
DA:159,1
DA:160,1
DA:161,1
DA:162,1
DA:163,1
LF:24
LH:24
BRDA:18,1,0,0
BRDA:18,1,1,2
BRDA:18,2,0,2
BRDA:18,2,1,2
BRF:4
BRH:3
end_of_record
TN:
SF:/Users/andeladeveloper/Desktop/post-it/dist/db.js
FN:20,_interopRequireWildcard
FN:22,_interopRequireDefault
FN:31,(anonymous_3)
FN:36,(anonymous_4)
FNF:4
FNH:2
FNDA:1,_interopRequireWildcard
FNDA:2,_interopRequireDefault
FNDA:0,(anonymous_3)
FNDA:0,(anonymous_4)
DA:3,1
DA:6,1
DA:8,1
DA:10,1
DA:12,1
DA:14,1
DA:16,1
DA:18,1
DA:20,3
DA:22,2
DA:24,1
DA:26,1
DA:28,1
DA:29,0
DA:31,0
DA:32,0
DA:34,0
DA:36,0
DA:37,0
DA:42,1
LF:20
LH:14
BRDA:20,1,0,0
BRDA:20,1,1,1
BRDA:20,2,0,1
BRDA:20,2,1,1
BRDA:20,3,0,1
BRDA:20,3,1,0
BRDA:20,4,0,3
BRDA:20,4,1,0
BRDA:22,5,0,0
BRDA:22,5,1,2
BRDA:22,6,0,2
BRDA:22,6,1,2
BRDA:28,7,0,0
BRDA:28,7,1,1
BRDA:32,8,0,0
BRDA:32,8,1,0
BRF:16
BRH:9
end_of_record
TN:
SF:/Users/andeladeveloper/Desktop/post-it/dist/app.js
FN:37,_interopRequireDefault
FN:39,_interopRequireWildcard
FN:51,(anonymous_3)
FN:53,(anonymous_4)
FN:96,(anonymous_5)
FN:100,(anonymous_6)
FNF:6
FNH:4
FNDA:6,_interopRequireDefault
FNDA:1,_interopRequireWildcard
FNDA:1,(anonymous_3)
FNDA:0,(anonymous_4)
FNDA:0,(anonymous_5)
FNDA:1,(anonymous_6)
DA:3,1
DA:7,1
DA:9,1
DA:11,1
DA:13,1
DA:15,1
DA:17,1
DA:19,1
DA:21,1
DA:23,1
DA:25,1
DA:27,1
DA:29,1
DA:31,1
DA:33,1
DA:35,1
DA:37,6
DA:39,3
DA:41,1
DA:43,1
DA:45,1
DA:47,1
DA:49,1
DA:51,1
DA:52,1
DA:54,0
DA:57,1
DA:59,1
DA:61,1
DA:63,1
DA:72,1
DA:74,1
DA:76,1
DA:78,1
DA:82,1
DA:84,1
DA:86,1
DA:88,1
DA:90,1
DA:92,1
DA:94,1
DA:96,1
DA:97,0
DA:100,1
DA:101,1
DA:104,1
LF:46
LH:44
BRDA:37,1,0,2
BRDA:37,1,1,4
BRDA:37,2,0,6
BRDA:37,2,1,6
BRDA:39,3,0,0
BRDA:39,3,1,1
BRDA:39,4,0,1
BRDA:39,4,1,1
BRDA:39,5,0,1
BRDA:39,5,1,0
BRDA:39,6,0,3
BRDA:39,6,1,0
BRF:12
BRH:9
end_of_record
TN:
SF:/Users/andeladeveloper/Desktop/post-it/dist/controllers/userController.js
FN:7,(anonymous_1)
FN:7,defineProperties
FN:7,(anonymous_3)
FN:15,_interopRequireDefault
FN:17,_classCallCheck
FN:21,(anonymous_6)
FN:22,UserActions
FN:28,signup
FN:38,(anonymous_9)
FN:45,(anonymous_10)
FN:56,signin
FN:63,(anonymous_12)
FN:76,(anonymous_13)
FN:82,isUnique
FN:89,(anonymous_15)
FN:95,allUsers
FN:96,(anonymous_17)
FN:98,(anonymous_18)
FNF:18
FNH:10
FNDA:1,(anonymous_1)
FNDA:1,defineProperties
FNDA:1,(anonymous_3)
FNDA:1,_interopRequireDefault
FNDA:1,_classCallCheck
FNDA:1,(anonymous_6)
FNDA:1,UserActions
FNDA:0,signup
FNDA:0,(anonymous_9)
FNDA:0,(anonymous_10)
FNDA:3,signin
FNDA:3,(anonymous_12)
FNDA:1,(anonymous_13)
FNDA:0,isUnique
FNDA:0,(anonymous_15)
FNDA:0,allUsers
FNDA:0,(anonymous_17)
FNDA:0,(anonymous_18)
DA:3,1
DA:7,4
DA:9,1
DA:11,1
DA:13,1
DA:15,1
DA:17,1
DA:19,1
DA:21,1
DA:22,1
DA:23,1
DA:26,1
DA:29,0
DA:33,0
DA:34,0
DA:38,0
DA:39,0
DA:46,0
DA:51,0
DA:57,3
DA:59,3
DA:64,3
DA:66,3
DA:68,3
DA:69,1
DA:70,1
DA:72,1
DA:74,1
DA:77,1
DA:83,0
DA:90,0
DA:96,0
DA:97,0
DA:99,0
DA:104,1
DA:107,1
LF:36
LH:24
BRDA:7,1,0,4
BRDA:7,1,1,4
BRDA:7,2,0,4
BRDA:7,2,1,0
BRDA:7,3,0,1
BRDA:7,3,1,0
BRDA:7,4,0,0
BRDA:7,4,1,1
BRDA:15,5,0,1
BRDA:15,5,1,0
BRDA:15,6,0,1
BRDA:15,6,1,1
BRDA:17,7,0,0
BRDA:17,7,1,1
BRDA:33,8,0,0
BRDA:33,8,1,0
BRDA:68,9,0,1
BRDA:68,9,1,1
BRF:18
BRH:11
end_of_record
TN:
SF:/Users/andeladeveloper/Desktop/post-it/dist/controllers/groupController.js
FN:7,(anonymous_1)
FN:7,defineProperties
FN:7,(anonymous_3)
FN:11,_classCallCheck
FN:13,(anonymous_5)
FN:14,GroupActions
FN:23,sendError
FN:30,createGroup
FN:34,(anonymous_9)
FN:39,(anonymous_10)
FN:53,addUserToGroup
FN:63,(anonymous_12)
FN:67,(anonymous_13)
FN:81,postMessageToGroup
FN:85,(anonymous_15)
FN:89,(anonymous_16)
FN:103,getPosts
FN:111,(anonymous_18)
FN:115,(anonymous_19)
FN:125,checkGroups
FN:132,(anonymous_21)
FN:134,(anonymous_22)
FN:141,getUserGroups
FN:148,(anonymous_24)
FN:152,(anonymous_25)
FN:160,getNumberOfGroups
FN:170,(anonymous_27)
FN:174,(anonymous_28)
FN:182,checkUserisUnique
FN:190,(anonymous_30)
FN:196,checkUserisUnique
FN:204,(anonymous_32)
FNF:32
FNH:18
FNDA:1,(anonymous_1)
FNDA:2,defineProperties
FNDA:1,(anonymous_3)
FNDA:1,_classCallCheck
FNDA:1,(anonymous_5)
FNDA:1,GroupActions
FNDA:0,sendError
FNDA:2,createGroup
FNDA:1,(anonymous_9)
FNDA:0,(anonymous_10)
FNDA:2,addUserToGroup
FNDA:1,(anonymous_12)
FNDA:0,(anonymous_13)
FNDA:2,postMessageToGroup
FNDA:1,(anonymous_15)
FNDA:0,(anonymous_16)
FNDA:2,getPosts
FNDA:1,(anonymous_18)
FNDA:0,(anonymous_19)
FNDA:0,checkGroups
FNDA:0,(anonymous_21)
FNDA:0,(anonymous_22)
FNDA:1,getUserGroups
FNDA:1,(anonymous_24)
FNDA:0,(anonymous_25)
FNDA:0,getNumberOfGroups
FNDA:0,(anonymous_27)
FNDA:0,(anonymous_28)
FNDA:0,checkUserisUnique
FNDA:0,(anonymous_30)
FNDA:1,checkUserisUnique
FNDA:1,(anonymous_32)
DA:3,1
DA:7,10
DA:9,1
DA:11,1
DA:13,1
DA:14,1
DA:15,1
DA:17,1
DA:18,1
DA:21,1
DA:24,0
DA:25,0
DA:31,2
DA:33,2
DA:34,1
DA:35,1
DA:40,0
DA:41,0
DA:46,1
DA:48,1
DA:54,2
DA:56,2
DA:58,1
DA:60,1
DA:61,0
DA:63,1
DA:64,1
DA:68,0
DA:69,0
DA:73,1
DA:76,1
DA:82,2
DA:84,2
DA:85,1
DA:86,1
DA:90,0
DA:91,0
DA:96,1
DA:98,1
DA:104,2
DA:106,2
DA:107,1
DA:112,1
DA:113,1
DA:114,1
DA:116,0
DA:117,0
DA:120,1
DA:126,0
DA:128,0
DA:133,0
DA:135,0
DA:136,0
DA:142,1
DA:144,1
DA:149,1
DA:150,1
DA:151,1
DA:153,0
DA:154,0
DA:161,0
DA:163,0
DA:171,0
DA:172,0
DA:173,0
DA:175,0
DA:176,0
DA:183,0
DA:185,0
DA:191,0
DA:197,1
DA:199,1
DA:205,1
DA:210,1
DA:213,1
LF:75
LH:47
BRDA:7,1,0,10
BRDA:7,1,1,10
BRDA:7,2,0,10
BRDA:7,2,1,0
BRDA:7,3,0,1
BRDA:7,3,1,0
BRDA:7,4,0,1
BRDA:7,4,1,0
BRDA:11,5,0,0
BRDA:11,5,1,1
BRDA:24,6,0,0
BRDA:24,6,1,0
BRDA:33,7,0,1
BRDA:33,7,1,1
BRDA:56,8,0,1
BRDA:56,8,1,1
BRDA:60,9,0,0
BRDA:60,9,1,1
BRDA:84,10,0,1
BRDA:84,10,1,1
BRDA:106,11,0,1
BRDA:106,11,1,1
BRF:22
BRH:15
end_of_record
